#! /c/Source/iverilog-install/bin/vvp
:ivl_version "12.0 (devel)" "(s20150603-1539-g2693dd32b)";
:ivl_delay_selection "TYPICAL";
:vpi_time_precision - 12;
:vpi_module "C:\iverilog\lib\ivl\system.vpi";
:vpi_module "C:\iverilog\lib\ivl\vhdl_sys.vpi";
:vpi_module "C:\iverilog\lib\ivl\vhdl_textio.vpi";
:vpi_module "C:\iverilog\lib\ivl\v2005_math.vpi";
:vpi_module "C:\iverilog\lib\ivl\va_math.vpi";
:vpi_module "C:\iverilog\lib\ivl\v2009.vpi";
S_0000016d8a6d8ae0 .scope package, "$unit" "$unit" 2 1;
 .timescale 0 0;
S_0000016d8a729540 .scope module, "tb_echo_cos" "tb_echo_cos" 3 3;
 .timescale -9 -12;
P_0000016d8a6d7090 .param/l "NUM_ECHO_SAMPLES" 1 3 6, +C4<00000000000000000000000000001000>;
P_0000016d8a6d70c8 .param/l "SAMPLE_WIDTH" 1 3 5, +C4<00000000000000000000000000010000>;
v0000016d8a7239c0_0 .var "clk", 0 0;
v0000016d8a723a60_0 .var/real "freq", 0 0;
v0000016d8a723b00_0 .var/i "i", 31 0;
v0000016d8a723ba0_0 .var "reset", 0 0;
v0000016d8a77d6b0_0 .var/s "sample", 15 0;
v0000016d8a77d250_0 .net/s "sample_out", 15 0, v0000016d8a723880_0;  1 drivers
v0000016d8a77d2f0_0 .var/real "sample_rate", 0 0;
v0000016d8a77d890_0 .var "sample_valid", 0 0;
E_0000016d8a715890 .event posedge, v0000016d8a6d8c70_0;
S_0000016d8a7296d0 .scope module, "dut" "echo" 3 25, 4 1 0, S_0000016d8a729540;
 .timescale -9 -12;
    .port_info 0 /INPUT 1 "clk";
    .port_info 1 /INPUT 1 "reset";
    .port_info 2 /INPUT 16 "sample";
    .port_info 3 /INPUT 1 "sample_valid";
    .port_info 4 /OUTPUT 16 "sample_out";
P_0000016d8a6d6f20 .param/l "NUM_ECHO_SAMPLES" 0 4 3, +C4<00000000000000000000000000001000>;
P_0000016d8a6d6f58 .param/l "SAMPLE_WIDTH" 0 4 2, +C4<00000000000000000000000000010000>;
v0000016d8a7192b0 .array/s "arr", 7 0, 15 0;
v0000016d8a6d8c70_0 .net "clk", 0 0, v0000016d8a7239c0_0;  1 drivers
v0000016d8a6d6d30_0 .var "count", 2 0;
v0000016d8a729860_0 .var/s "delayed_sample", 15 0;
v0000016d8a729900_0 .var/i "i", 31 0;
v0000016d8a6dbe80_0 .var/s "mixed", 16 0;
v0000016d8a6dbf20_0 .net "reset", 0 0, v0000016d8a723ba0_0;  1 drivers
v0000016d8a7237e0_0 .net/s "sample", 15 0, v0000016d8a77d6b0_0;  1 drivers
v0000016d8a723880_0 .var/s "sample_out", 15 0;
v0000016d8a723920_0 .net "sample_valid", 0 0, v0000016d8a77d890_0;  1 drivers
E_0000016d8a7157d0 .event posedge, v0000016d8a6dbf20_0, v0000016d8a6d8c70_0;
    .scope S_0000016d8a7296d0;
T_0 ;
    %wait E_0000016d8a7157d0;
    %load/vec4 v0000016d8a6dbf20_0;
    %flag_set/vec4 8;
    %jmp/0xz  T_0.0, 8;
    %pushi/vec4 0, 0, 3;
    %assign/vec4 v0000016d8a6d6d30_0, 0;
    %pushi/vec4 0, 0, 16;
    %assign/vec4 v0000016d8a729860_0, 0;
    %pushi/vec4 0, 0, 17;
    %assign/vec4 v0000016d8a6dbe80_0, 0;
    %pushi/vec4 0, 0, 16;
    %assign/vec4 v0000016d8a723880_0, 0;
    %pushi/vec4 0, 0, 32;
    %store/vec4 v0000016d8a729900_0, 0, 32;
T_0.2 ;
    %load/vec4 v0000016d8a729900_0;
    %cmpi/s 8, 0, 32;
    %jmp/0xz T_0.3, 5;
    %pushi/vec4 0, 0, 16;
    %ix/getv/s 3, v0000016d8a729900_0;
    %ix/load 4, 0, 0; Constant delay
    %assign/vec4/a/d v0000016d8a7192b0, 0, 4;
    %load/vec4 v0000016d8a729900_0;
    %addi 1, 0, 32;
    %store/vec4 v0000016d8a729900_0, 0, 32;
    %jmp T_0.2;
T_0.3 ;
    %jmp T_0.1;
T_0.0 ;
    %load/vec4 v0000016d8a723920_0;
    %flag_set/vec4 8;
    %jmp/0xz  T_0.4, 8;
    %load/vec4 v0000016d8a6d6d30_0;
    %pad/u 5;
    %ix/vec4 4;
    %load/vec4a v0000016d8a7192b0, 4;
    %assign/vec4 v0000016d8a729860_0, 0;
    %load/vec4 v0000016d8a7237e0_0;
    %pad/s 17;
    %load/vec4 v0000016d8a729860_0;
    %pad/s 17;
    %ix/load 4, 1, 0;
    %flag_set/imm 4, 0;
    %shiftr/s 4;
    %add;
    %assign/vec4 v0000016d8a6dbe80_0, 0;
    %load/vec4 v0000016d8a6dbe80_0;
    %parti/s 16, 0, 2;
    %assign/vec4 v0000016d8a723880_0, 0;
    %load/vec4 v0000016d8a6dbe80_0;
    %parti/s 16, 0, 2;
    %load/vec4 v0000016d8a6d6d30_0;
    %pad/u 5;
    %ix/vec4 3;
    %ix/load 4, 0, 0; Constant delay
    %assign/vec4/a/d v0000016d8a7192b0, 0, 4;
    %load/vec4 v0000016d8a6d6d30_0;
    %pad/u 32;
    %cmpi/e 7, 0, 32;
    %jmp/0xz  T_0.6, 4;
    %pushi/vec4 0, 0, 3;
    %assign/vec4 v0000016d8a6d6d30_0, 0;
    %jmp T_0.7;
T_0.6 ;
    %load/vec4 v0000016d8a6d6d30_0;
    %addi 1, 0, 3;
    %assign/vec4 v0000016d8a6d6d30_0, 0;
T_0.7 ;
T_0.4 ;
T_0.1 ;
    %jmp T_0;
    .thread T_0;
    .scope S_0000016d8a729540;
T_1 ;
    %pushi/vec4 0, 0, 1;
    %store/vec4 v0000016d8a7239c0_0, 0, 1;
    %end;
    .thread T_1;
    .scope S_0000016d8a729540;
T_2 ;
    %delay 5000, 0;
    %load/vec4 v0000016d8a7239c0_0;
    %inv;
    %store/vec4 v0000016d8a7239c0_0, 0, 1;
    %jmp T_2;
    .thread T_2;
    .scope S_0000016d8a729540;
T_3 ;
    %pushi/vec4 1, 0, 1;
    %store/vec4 v0000016d8a723ba0_0, 0, 1;
    %pushi/vec4 0, 0, 16;
    %store/vec4 v0000016d8a77d6b0_0, 0, 16;
    %pushi/vec4 0, 0, 1;
    %store/vec4 v0000016d8a77d890_0, 0, 1;
    %pushi/real 1572864000, 4081; load=48000.0
    %store/real v0000016d8a77d2f0_0;
    %pushi/real 2097152000, 4075; load=1000.00
    %store/real v0000016d8a723a60_0;
    %pushi/vec4 3, 0, 32;
T_3.0 %dup/vec4;
    %pushi/vec4 0, 0, 32;
    %cmp/s;
    %jmp/1xz T_3.1, 5;
    %jmp/1 T_3.1, 4;
    %pushi/vec4 1, 0, 32;
    %sub;
    %wait E_0000016d8a715890;
    %jmp T_3.0;
T_3.1 ;
    %pop/vec4 1;
    %pushi/vec4 0, 0, 1;
    %store/vec4 v0000016d8a723ba0_0, 0, 1;
    %pushi/vec4 1, 0, 1;
    %store/vec4 v0000016d8a77d890_0, 0, 1;
    %pushi/vec4 0, 0, 32;
    %store/vec4 v0000016d8a723b00_0, 0, 32;
T_3.2 ;
    %load/vec4 v0000016d8a723b00_0;
    %cmpi/s 200, 0, 32;
    %jmp/0xz T_3.3, 5;
    %wait E_0000016d8a715890;
    %load/vec4 v0000016d8a723b00_0;
    %cmpi/e 0, 0, 32;
    %jmp/1 T_3.6, 4;
    %flag_mov 8, 4;
    %load/vec4 v0000016d8a723b00_0;
    %cmpi/e 100, 0, 32;
    %flag_or 4, 8;
T_3.6;
    %jmp/0xz  T_3.4, 4;
    %pushi/vec4 10000, 0, 16;
    %store/vec4 v0000016d8a77d6b0_0, 0, 16;
    %jmp T_3.5;
T_3.4 ;
    %pushi/vec4 0, 0, 16;
    %store/vec4 v0000016d8a77d6b0_0, 0, 16;
T_3.5 ;
    ; show_stmt_assign_vector: Get l-value for compressed += operand
    %load/vec4 v0000016d8a723b00_0;
    %pushi/vec4 1, 0, 32;
    %add;
    %store/vec4 v0000016d8a723b00_0, 0, 32;
    %jmp T_3.2;
T_3.3 ;
    %pushi/vec4 0, 0, 1;
    %store/vec4 v0000016d8a77d890_0, 0, 1;
    %pushi/vec4 5, 0, 32;
T_3.7 %dup/vec4;
    %pushi/vec4 0, 0, 32;
    %cmp/s;
    %jmp/1xz T_3.8, 5;
    %jmp/1 T_3.8, 4;
    %pushi/vec4 1, 0, 32;
    %sub;
    %wait E_0000016d8a715890;
    %jmp T_3.7;
T_3.8 ;
    %pop/vec4 1;
    %vpi_call/w 3 59 "$finish" {0 0 0};
    %end;
    .thread T_3;
    .scope S_0000016d8a729540;
T_4 ;
    %wait E_0000016d8a715890;
    %load/vec4 v0000016d8a77d890_0;
    %flag_set/vec4 8;
    %jmp/0xz  T_4.0, 8;
    %vpi_call/w 3 65 "$display", "in=%0d, out=%0d", v0000016d8a77d6b0_0, v0000016d8a77d250_0 {0 0 0};
T_4.0 ;
    %jmp T_4;
    .thread T_4;
# The file index is used to find the file name in the following table.
:file_names 5;
    "N/A";
    "<interactive>";
    "-";
    "testbench.sv";
    "echo.sv";
