#! /c/Source/iverilog-install/bin/vvp
:ivl_version "12.0 (devel)" "(s20150603-1539-g2693dd32b)";
:ivl_delay_selection "TYPICAL";
:vpi_time_precision - 12;
:vpi_module "C:\iverilog\lib\ivl\system.vpi";
:vpi_module "C:\iverilog\lib\ivl\vhdl_sys.vpi";
:vpi_module "C:\iverilog\lib\ivl\vhdl_textio.vpi";
:vpi_module "C:\iverilog\lib\ivl\v2005_math.vpi";
:vpi_module "C:\iverilog\lib\ivl\va_math.vpi";
:vpi_module "C:\iverilog\lib\ivl\v2009.vpi";
S_000002035e7a91e0 .scope package, "$unit" "$unit" 2 1;
 .timescale 0 0;
S_000002035e749b30 .scope module, "tb_filter_to_fft" "tb_filter_to_fft" 3 3;
 .timescale -9 -12;
P_000002035e78d640 .param/l "LOG2N" 1 3 6, +C4<00000000000000000000000000001001>;
P_000002035e78d678 .param/l "N" 1 3 5, +C4<00000000000000000000001000000000>;
P_000002035e78d6b0 .param/l "SAMPLE_SIZE" 1 3 7, +C4<00000000000000000000000000011000>;
L_000002035e799c60 .functor BUFZ 24, v000002035e80c060_0, C4<000000000000000000000000>, C4<000000000000000000000000>, C4<000000000000000000000000>;
L_000002035e79a600 .functor BUFZ 1, v000002035e8127b0_0, C4<0>, C4<0>, C4<0>;
L_000002035e799d40 .functor BUFZ 24, L_000002035e810af0, C4<000000000000000000000000>, C4<000000000000000000000000>, C4<000000000000000000000000>;
L_000002035e79a6e0 .functor BUFZ 1, v000002035e8127b0_0, C4<0>, C4<0>, C4<0>;
v000002035e80c6a0_0 .var/real "bin_hz", 0 0;
v000002035e80bfc0_0 .var "clk", 0 0;
v000002035e80c060_0 .var/s "data_in", 23 0;
v000002035e80c1a0_0 .net/s "data_out", 23 0, L_000002035e810af0;  1 drivers
v000002035e80c560_0 .var/real "f1", 0 0;
v000002035e80c600_0 .var/real "f2", 0 0;
v000002035e80c9c0_0 .var/real "f3", 0 0;
v000002035e80c740_0 .var/real "fs", 0 0;
v000002035e80c920_0 .var/i "i", 31 0;
v000002035e80cb00_0 .net/s "in_sample_filt", 23 0, L_000002035e799d40;  1 drivers
v000002035e80cba0_0 .net/s "in_sample_raw", 23 0, L_000002035e799c60;  1 drivers
v000002035e80cc40_0 .net "in_valid_filt", 0 0, L_000002035e79a6e0;  1 drivers
v000002035e812850_0 .net "in_valid_raw", 0 0, L_000002035e79a600;  1 drivers
v000002035e811090_0 .net/s "out_ffti_filt", 23 0, v000002035e801620_0;  1 drivers
v000002035e8116d0_0 .net/s "out_ffti_raw", 23 0, v000002035e808f40_0;  1 drivers
v000002035e812710_0 .net/s "out_fftr_filt", 23 0, v000002035e801c60_0;  1 drivers
v000002035e810d70_0 .net/s "out_fftr_raw", 23 0, v000002035e807e60_0;  1 drivers
v000002035e811310_0 .net "out_index_filt", 8 0, v000002035e801f80_0;  1 drivers
v000002035e8113b0_0 .net "out_index_raw", 8 0, v000002035e807f00_0;  1 drivers
v000002035e811270_0 .net "out_valid_filt", 0 0, v000002035e8014e0_0;  1 drivers
v000002035e8118b0_0 .net "out_valid_raw", 0 0, v000002035e807780_0;  1 drivers
v000002035e812490_0 .var "reset", 0 0;
v000002035e8127b0_0 .var "sample_valid", 0 0;
v000002035e811630_0 .var/real "t", 0 0;
v000002035e811bd0_0 .var/real "value", 0 0;
S_000002035e749cc0 .scope module, "fft_filt" "fft_512" 3 91, 4 3 0, S_000002035e749b30;
 .timescale -9 -12;
    .port_info 0 /INPUT 1 "clk";
    .port_info 1 /INPUT 1 "reset";
    .port_info 2 /INPUT 24 "in_sample";
    .port_info 3 /INPUT 1 "in_valid";
    .port_info 4 /OUTPUT 9 "out_index";
    .port_info 5 /OUTPUT 24 "out_fftr";
    .port_info 6 /OUTPUT 24 "out_ffti";
    .port_info 7 /OUTPUT 1 "out_valid";
P_000002035e78de80 .param/l "N" 0 4 4, +C4<00000000000000000000001000000000>;
P_000002035e78deb8 .param/l "SAMPLE_SIZE" 0 4 6, +C4<00000000000000000000000000011000>;
P_000002035e78def0 .param/l "log2N" 0 4 5, +C4<00000000000000000000000000001001>;
enum000002035e6b9d40 .enum4 (4)
   "LOAD_SAMPLES" 4'b0000,
   "READ_ADDR" 4'b0001,
   "READ_WAIT" 4'b0010,
   "READ" 4'b0011,
   "BUTTERFLY_MULT" 4'b0100,
   "BUTTERFLY_CALC" 4'b0101,
   "WRITE" 4'b0110,
   "UPDATE_INDICES" 4'b0111,
   "OUT_ADDR" 4'b1000,
   "OUT_WAIT" 4'b1001,
   "OUT_SHOW" 4'b1010,
   "DONE" 4'b1011
 ;
v000002035e784d40_0 .var "BSep", 9 0;
v000002035e7865a0_0 .var "BWidth", 9 0;
v000002035e786640_0 .var "Hindex", 8 0;
v000002035e784b60_0 .net *"_ivl_1", 0 0, L_000002035e86c7e0;  1 drivers
v000002035e784980_0 .net *"_ivl_11", 0 0, L_000002035e86b700;  1 drivers
v000002035e784ac0_0 .net *"_ivl_13", 0 0, L_000002035e86bca0;  1 drivers
v000002035e784ca0_0 .net *"_ivl_15", 0 0, L_000002035e86b5c0;  1 drivers
v000002035e784f20_0 .net *"_ivl_17", 0 0, L_000002035e86bde0;  1 drivers
v000002035e785100_0 .net *"_ivl_3", 0 0, L_000002035e86be80;  1 drivers
v000002035e7715b0_0 .net *"_ivl_5", 0 0, L_000002035e86bc00;  1 drivers
v000002035e7707f0_0 .net *"_ivl_7", 0 0, L_000002035e86b660;  1 drivers
v000002035e770d90_0 .net *"_ivl_9", 0 0, L_000002035e86b8e0;  1 drivers
v000002035e771010_0 .var "addr_hi", 8 0;
v000002035e802fc0_0 .var "addr_lo", 8 0;
v000002035e801d00_0 .net "clk", 0 0, v000002035e80bfc0_0;  1 drivers
v000002035e8028e0_0 .net/s "cos", 15 0, v000002035e785880_0;  1 drivers
v000002035e802e80_0 .var/s "cos_i", 39 0;
v000002035e802b60_0 .var/s "cos_r", 39 0;
v000002035e8023e0_0 .var "count", 8 0;
v000002035e8011c0_0 .var/s "data_hi", 47 0;
v000002035e801120_0 .var/s "data_lo", 47 0;
v000002035e802f20_0 .var/s "diff_i", 40 0;
v000002035e801440_0 .var/s "hi_i", 23 0;
v000002035e8018a0_0 .var "hi_index", 8 0;
v000002035e801260_0 .var/s "hi_r", 23 0;
v000002035e801a80_0 .net "in_sample", 23 0, L_000002035e799d40;  alias, 1 drivers
v000002035e801e40_0 .net "in_valid", 0 0, L_000002035e79a6e0;  alias, 1 drivers
v000002035e801300_0 .var "j", 8 0;
v000002035e802980_0 .var/s "lo_i", 23 0;
v000002035e801ee0_0 .var "lo_index", 8 0;
v000002035e8019e0_0 .var/s "lo_r", 23 0;
v000002035e801620_0 .var/s "out_ffti", 23 0;
v000002035e801c60_0 .var/s "out_fftr", 23 0;
v000002035e801f80_0 .var "out_index", 8 0;
v000002035e8014e0_0 .var "out_valid", 0 0;
v000002035e8016c0_0 .net/s "q_hi", 47 0, v000002035e785f60_0;  1 drivers
v000002035e802a20_0 .net/s "q_lo", 47 0, v000002035e786820_0;  1 drivers
v000002035e801da0_0 .net "rcount", 8 0, L_000002035e86c880;  1 drivers
v000002035e802ac0_0 .net "reset", 0 0, v000002035e812490_0;  1 drivers
v000002035e8013a0_0 .net/s "sin", 15 0, v000002035e786500_0;  1 drivers
v000002035e802660_0 .var/s "sin_i", 39 0;
v000002035e802c00_0 .var/s "sin_r", 39 0;
v000002035e801b20_0 .var "stage", 8 0;
v000002035e8022a0_0 .var "state", 3 0;
v000002035e802520_0 .var/s "sum_r", 40 0;
v000002035e802ca0_0 .var/s "ti", 23 0;
v000002035e802d40_0 .var/s "tr", 23 0;
v000002035e802020_0 .var "twiddle_index", 8 0;
v000002035e801580_0 .var "wren_hi", 0 0;
v000002035e802700_0 .var "wren_lo", 0 0;
E_000002035e79e340 .event posedge, v000002035e802ac0_0, v000002035e786140_0;
E_000002035e79e200 .event anyedge, v000002035e801b20_0;
L_000002035e86c7e0 .part v000002035e8023e0_0, 0, 1;
L_000002035e86be80 .part v000002035e8023e0_0, 1, 1;
L_000002035e86bc00 .part v000002035e8023e0_0, 2, 1;
L_000002035e86b660 .part v000002035e8023e0_0, 3, 1;
L_000002035e86b8e0 .part v000002035e8023e0_0, 4, 1;
L_000002035e86b700 .part v000002035e8023e0_0, 5, 1;
L_000002035e86bca0 .part v000002035e8023e0_0, 6, 1;
L_000002035e86b5c0 .part v000002035e8023e0_0, 7, 1;
L_000002035e86bde0 .part v000002035e8023e0_0, 8, 1;
LS_000002035e86c880_0_0 .concat [ 1 1 1 1], L_000002035e86bde0, L_000002035e86b5c0, L_000002035e86bca0, L_000002035e86b700;
LS_000002035e86c880_0_4 .concat [ 1 1 1 1], L_000002035e86b8e0, L_000002035e86b660, L_000002035e86bc00, L_000002035e86be80;
LS_000002035e86c880_0_8 .concat [ 1 0 0 0], L_000002035e86c7e0;
L_000002035e86c880 .concat [ 4 4 1 0], LS_000002035e86c880_0_0, LS_000002035e86c880_0_4, LS_000002035e86c880_0_8;
S_000002035e7160e0 .scope module, "cos_lut" "cos_rom" 4 226, 5 3 0, S_000002035e749cc0;
 .timescale -9 -12;
    .port_info 0 /INPUT 9 "address";
    .port_info 1 /INPUT 1 "clock";
    .port_info 2 /OUTPUT 16 "q";
v000002035e785ce0_0 .net "address", 8 0, v000002035e802020_0;  1 drivers
v000002035e786140_0 .net "clock", 0 0, v000002035e80bfc0_0;  alias, 1 drivers
v000002035e786460 .array/s "mem", 255 0, 15 0;
v000002035e785880_0 .var/s "q", 15 0;
E_000002035e79e780 .event posedge, v000002035e786140_0;
S_000002035e7bed80 .scope module, "ram" "fft_ram" 4 238, 6 3 0, S_000002035e749cc0;
 .timescale -9 -12;
    .port_info 0 /INPUT 1 "clock";
    .port_info 1 /INPUT 9 "address_a";
    .port_info 2 /INPUT 48 "data_a";
    .port_info 3 /INPUT 1 "wren_a";
    .port_info 4 /OUTPUT 48 "q_a";
    .port_info 5 /INPUT 9 "address_b";
    .port_info 6 /INPUT 48 "data_b";
    .port_info 7 /INPUT 1 "wren_b";
    .port_info 8 /OUTPUT 48 "q_b";
P_000002035e78dfe0 .param/l "ADDR_W" 0 6 6, +C4<00000000000000000000000000001001>;
P_000002035e78e018 .param/l "DEPTH" 0 6 5, +C4<00000000000000000000001000000000>;
P_000002035e78e050 .param/l "WIDTH" 0 6 4, +C4<00000000000000000000000000110000>;
v000002035e785e20_0 .net "address_a", 8 0, v000002035e771010_0;  1 drivers
v000002035e785a60_0 .net "address_b", 8 0, v000002035e802fc0_0;  1 drivers
v000002035e784c00_0 .net "clock", 0 0, v000002035e80bfc0_0;  alias, 1 drivers
v000002035e784a20_0 .net/s "data_a", 47 0, v000002035e8011c0_0;  1 drivers
v000002035e785b00_0 .net/s "data_b", 47 0, v000002035e801120_0;  1 drivers
v000002035e785ba0_0 .var/i "i", 31 0;
v000002035e785ec0 .array "mem", 511 0, 47 0;
v000002035e785f60_0 .var/s "q_a", 47 0;
v000002035e786820_0 .var/s "q_b", 47 0;
v000002035e786000_0 .net "wren_a", 0 0, v000002035e801580_0;  1 drivers
v000002035e7861e0_0 .net "wren_b", 0 0, v000002035e802700_0;  1 drivers
S_000002035e716270 .scope module, "sin_lut" "sin_rom" 4 232, 7 3 0, S_000002035e749cc0;
 .timescale -9 -12;
    .port_info 0 /INPUT 9 "address";
    .port_info 1 /INPUT 1 "clock";
    .port_info 2 /OUTPUT 16 "q";
v000002035e786280_0 .net "address", 8 0, v000002035e802020_0;  alias, 1 drivers
v000002035e786320_0 .net "clock", 0 0, v000002035e80bfc0_0;  alias, 1 drivers
v000002035e7863c0 .array/s "mem", 255 0, 15 0;
v000002035e786500_0 .var/s "q", 15 0;
S_000002035e7122a0 .scope module, "fft_raw" "fft_512" 3 73, 4 3 0, S_000002035e749b30;
 .timescale -9 -12;
    .port_info 0 /INPUT 1 "clk";
    .port_info 1 /INPUT 1 "reset";
    .port_info 2 /INPUT 24 "in_sample";
    .port_info 3 /INPUT 1 "in_valid";
    .port_info 4 /OUTPUT 9 "out_index";
    .port_info 5 /OUTPUT 24 "out_fftr";
    .port_info 6 /OUTPUT 24 "out_ffti";
    .port_info 7 /OUTPUT 1 "out_valid";
P_000002035e78d430 .param/l "N" 0 4 4, +C4<00000000000000000000001000000000>;
P_000002035e78d468 .param/l "SAMPLE_SIZE" 0 4 6, +C4<00000000000000000000000000011000>;
P_000002035e78d4a0 .param/l "log2N" 0 4 5, +C4<00000000000000000000000000001001>;
enum000002035e6b8fe0 .enum4 (4)
   "LOAD_SAMPLES" 4'b0000,
   "READ_ADDR" 4'b0001,
   "READ_WAIT" 4'b0010,
   "READ" 4'b0011,
   "BUTTERFLY_MULT" 4'b0100,
   "BUTTERFLY_CALC" 4'b0101,
   "WRITE" 4'b0110,
   "UPDATE_INDICES" 4'b0111,
   "OUT_ADDR" 4'b1000,
   "OUT_WAIT" 4'b1001,
   "OUT_SHOW" 4'b1010,
   "DONE" 4'b1011
 ;
v000002035e8082c0_0 .var "BSep", 9 0;
v000002035e808720_0 .var "BWidth", 9 0;
v000002035e808400_0 .var "Hindex", 8 0;
v000002035e808220_0 .net *"_ivl_1", 0 0, L_000002035e86aee0;  1 drivers
v000002035e808360_0 .net *"_ivl_11", 0 0, L_000002035e86bb60;  1 drivers
v000002035e807320_0 .net *"_ivl_13", 0 0, L_000002035e86b520;  1 drivers
v000002035e808fe0_0 .net *"_ivl_15", 0 0, L_000002035e86bac0;  1 drivers
v000002035e808680_0 .net *"_ivl_17", 0 0, L_000002035e86b0c0;  1 drivers
v000002035e807be0_0 .net *"_ivl_3", 0 0, L_000002035e86b7a0;  1 drivers
v000002035e808540_0 .net *"_ivl_5", 0 0, L_000002035e86b020;  1 drivers
v000002035e8087c0_0 .net *"_ivl_7", 0 0, L_000002035e86c6a0;  1 drivers
v000002035e808860_0 .net *"_ivl_9", 0 0, L_000002035e86ab20;  1 drivers
v000002035e808900_0 .var "addr_hi", 8 0;
v000002035e807460_0 .var "addr_lo", 8 0;
v000002035e8089a0_0 .net "clk", 0 0, v000002035e80bfc0_0;  alias, 1 drivers
v000002035e807140_0 .net/s "cos", 15 0, v000002035e801800_0;  1 drivers
v000002035e808a40_0 .var/s "cos_i", 39 0;
v000002035e8076e0_0 .var/s "cos_r", 39 0;
v000002035e808b80_0 .var "count", 8 0;
v000002035e8071e0_0 .var/s "data_hi", 47 0;
v000002035e807960_0 .var/s "data_lo", 47 0;
v000002035e808ae0_0 .var/s "diff_i", 40 0;
v000002035e8073c0_0 .var/s "hi_i", 23 0;
v000002035e8085e0_0 .var "hi_index", 8 0;
v000002035e808e00_0 .var/s "hi_r", 23 0;
v000002035e808c20_0 .net "in_sample", 23 0, L_000002035e799c60;  alias, 1 drivers
v000002035e808cc0_0 .net "in_valid", 0 0, L_000002035e79a600;  alias, 1 drivers
v000002035e807280_0 .var "j", 8 0;
v000002035e808d60_0 .var/s "lo_i", 23 0;
v000002035e807dc0_0 .var "lo_index", 8 0;
v000002035e808ea0_0 .var/s "lo_r", 23 0;
v000002035e808f40_0 .var/s "out_ffti", 23 0;
v000002035e807e60_0 .var/s "out_fftr", 23 0;
v000002035e807f00_0 .var "out_index", 8 0;
v000002035e807780_0 .var "out_valid", 0 0;
v000002035e807500_0 .net/s "q_hi", 47 0, v000002035e802840_0;  1 drivers
v000002035e8075a0_0 .net/s "q_lo", 47 0, v000002035e8084a0_0;  1 drivers
v000002035e807820_0 .net "rcount", 8 0, L_000002035e86ac60;  1 drivers
v000002035e807a00_0 .net "reset", 0 0, v000002035e812490_0;  alias, 1 drivers
v000002035e807aa0_0 .net/s "sin", 15 0, v000002035e807d20_0;  1 drivers
v000002035e807b40_0 .var/s "sin_i", 39 0;
v000002035e808040_0 .var/s "sin_r", 39 0;
v000002035e8080e0_0 .var "stage", 8 0;
v000002035e809830_0 .var "state", 3 0;
v000002035e809150_0 .var/s "sum_r", 40 0;
v000002035e80a0f0_0 .var/s "ti", 23 0;
v000002035e80a5f0_0 .var/s "tr", 23 0;
v000002035e809970_0 .var "twiddle_index", 8 0;
v000002035e80ae10_0 .var "wren_hi", 0 0;
v000002035e809470_0 .var "wren_lo", 0 0;
E_000002035e79e7c0 .event anyedge, v000002035e8080e0_0;
L_000002035e86aee0 .part v000002035e808b80_0, 0, 1;
L_000002035e86b7a0 .part v000002035e808b80_0, 1, 1;
L_000002035e86b020 .part v000002035e808b80_0, 2, 1;
L_000002035e86c6a0 .part v000002035e808b80_0, 3, 1;
L_000002035e86ab20 .part v000002035e808b80_0, 4, 1;
L_000002035e86bb60 .part v000002035e808b80_0, 5, 1;
L_000002035e86b520 .part v000002035e808b80_0, 6, 1;
L_000002035e86bac0 .part v000002035e808b80_0, 7, 1;
L_000002035e86b0c0 .part v000002035e808b80_0, 8, 1;
LS_000002035e86ac60_0_0 .concat [ 1 1 1 1], L_000002035e86b0c0, L_000002035e86bac0, L_000002035e86b520, L_000002035e86bb60;
LS_000002035e86ac60_0_4 .concat [ 1 1 1 1], L_000002035e86ab20, L_000002035e86c6a0, L_000002035e86b020, L_000002035e86b7a0;
LS_000002035e86ac60_0_8 .concat [ 1 0 0 0], L_000002035e86aee0;
L_000002035e86ac60 .concat [ 4 4 1 0], LS_000002035e86ac60_0_0, LS_000002035e86ac60_0_4, LS_000002035e86ac60_0_8;
S_000002035e7215f0 .scope module, "cos_lut" "cos_rom" 4 226, 5 3 0, S_000002035e7122a0;
 .timescale -9 -12;
    .port_info 0 /INPUT 9 "address";
    .port_info 1 /INPUT 1 "clock";
    .port_info 2 /OUTPUT 16 "q";
v000002035e8025c0_0 .net "address", 8 0, v000002035e809970_0;  1 drivers
v000002035e802de0_0 .net "clock", 0 0, v000002035e80bfc0_0;  alias, 1 drivers
v000002035e801760 .array/s "mem", 255 0, 15 0;
v000002035e801800_0 .var/s "q", 15 0;
S_000002035e721780 .scope module, "ram" "fft_ram" 4 238, 6 3 0, S_000002035e7122a0;
 .timescale -9 -12;
    .port_info 0 /INPUT 1 "clock";
    .port_info 1 /INPUT 9 "address_a";
    .port_info 2 /INPUT 48 "data_a";
    .port_info 3 /INPUT 1 "wren_a";
    .port_info 4 /OUTPUT 48 "q_a";
    .port_info 5 /INPUT 9 "address_b";
    .port_info 6 /INPUT 48 "data_b";
    .port_info 7 /INPUT 1 "wren_b";
    .port_info 8 /OUTPUT 48 "q_b";
P_000002035e78d6f0 .param/l "ADDR_W" 0 6 6, +C4<00000000000000000000000000001001>;
P_000002035e78d728 .param/l "DEPTH" 0 6 5, +C4<00000000000000000000001000000000>;
P_000002035e78d760 .param/l "WIDTH" 0 6 4, +C4<00000000000000000000000000110000>;
v000002035e801940_0 .net "address_a", 8 0, v000002035e808900_0;  1 drivers
v000002035e8020c0_0 .net "address_b", 8 0, v000002035e807460_0;  1 drivers
v000002035e802160_0 .net "clock", 0 0, v000002035e80bfc0_0;  alias, 1 drivers
v000002035e802200_0 .net/s "data_a", 47 0, v000002035e8071e0_0;  1 drivers
v000002035e802340_0 .net/s "data_b", 47 0, v000002035e807960_0;  1 drivers
v000002035e802480_0 .var/i "i", 31 0;
v000002035e8027a0 .array "mem", 511 0, 47 0;
v000002035e802840_0 .var/s "q_a", 47 0;
v000002035e8084a0_0 .var/s "q_b", 47 0;
v000002035e8078c0_0 .net "wren_a", 0 0, v000002035e80ae10_0;  1 drivers
v000002035e807c80_0 .net "wren_b", 0 0, v000002035e809470_0;  1 drivers
S_000002035e71eb20 .scope module, "sin_lut" "sin_rom" 4 232, 7 3 0, S_000002035e7122a0;
 .timescale -9 -12;
    .port_info 0 /INPUT 9 "address";
    .port_info 1 /INPUT 1 "clock";
    .port_info 2 /OUTPUT 16 "q";
v000002035e807fa0_0 .net "address", 8 0, v000002035e809970_0;  alias, 1 drivers
v000002035e807640_0 .net "clock", 0 0, v000002035e80bfc0_0;  alias, 1 drivers
v000002035e808180 .array/s "mem", 255 0, 15 0;
v000002035e807d20_0 .var/s "q", 15 0;
S_000002035e6b6960 .scope module, "lpf" "fourth_order_lpf" 3 47, 8 1 0, S_000002035e749b30;
 .timescale -9 -12;
    .port_info 0 /INPUT 1 "clk";
    .port_info 1 /INPUT 1 "reset";
    .port_info 2 /INPUT 24 "data_in";
    .port_info 3 /OUTPUT 24 "data_out";
P_000002035e750120 .param/l "GAIN" 1 8 10, +C4<00000000001100100000>;
P_000002035e750158 .param/l "SAMPLE_WIDTH" 0 8 2, +C4<00000000000000000000000000011000>;
v000002035e80bb60_0 .net/s *"_ivl_0", 35 0, L_000002035e810e10;  1 drivers
L_000002035e812978 .functor BUFT 1, C4<000000000000000000000000001100100000>, C4<0>, C4<0>, C4<0>;
v000002035e80c880_0 .net/2s *"_ivl_2", 35 0, L_000002035e812978;  1 drivers
v000002035e80b5c0_0 .net *"_ivl_6", 35 0, L_000002035e811950;  1 drivers
v000002035e80bc00_0 .net *"_ivl_8", 17 0, L_000002035e811450;  1 drivers
v000002035e80b520_0 .net "clk", 0 0, v000002035e80bfc0_0;  alias, 1 drivers
v000002035e80b2a0_0 .net/s "data_in", 23 0, v000002035e80c060_0;  1 drivers
v000002035e80b340_0 .net/s "data_out", 23 0, L_000002035e810af0;  alias, 1 drivers
v000002035e80b660_0 .net/s "gain_mult", 35 0, L_000002035e8109b0;  1 drivers
v000002035e80bd40_0 .net/s "intermediate", 23 0, v000002035e809790_0;  1 drivers
v000002035e80bde0_0 .net "reset", 0 0, v000002035e812490_0;  alias, 1 drivers
v000002035e80bf20_0 .net/s "y_stage2", 23 0, v000002035e80b480_0;  1 drivers
L_000002035e810e10 .extend/s 36, v000002035e80b480_0;
L_000002035e8109b0 .arith/mult 36, L_000002035e810e10, L_000002035e812978;
L_000002035e811450 .part L_000002035e8109b0, 18, 18;
L_000002035e811950 .extend/s 36, L_000002035e811450;
L_000002035e810af0 .part L_000002035e811950, 0, 24;
S_000002035e6b6af0 .scope module, "stage1" "second_order_lpf" 8 25, 9 1 0, S_000002035e6b6960;
 .timescale -9 -12;
    .port_info 0 /INPUT 1 "clk";
    .port_info 1 /INPUT 1 "reset";
    .port_info 2 /INPUT 24 "x";
    .port_info 3 /OUTPUT 24 "y";
P_000002035e80d120 .param/l "A1" 0 9 8, +C4<10001100111101000011>;
P_000002035e80d158 .param/l "A2" 0 9 9, +C4<00110011110011010011>;
P_000002035e80d190 .param/l "ACC_W" 1 9 19, +C4<00000000000000000000000000101111>;
P_000002035e80d1c8 .param/l "B0" 0 9 5, +C4<01000000000000000000>;
P_000002035e80d200 .param/l "B1" 0 9 6, +C4<10000000000001001111>;
P_000002035e80d238 .param/l "B2" 0 9 7, +C4<01000000000001001111>;
P_000002035e80d270 .param/l "COEF_W" 1 9 17, +C4<00000000000000000000000000010100>;
P_000002035e80d2a8 .param/l "PROD_W" 1 9 18, +C4<00000000000000000000000000101100>;
P_000002035e80d2e0 .param/l "WIDTH" 0 9 2, +C4<00000000000000000000000000011000>;
v000002035e80a4b0_0 .net/s *"_ivl_0", 43 0, L_000002035e811a90;  1 drivers
v000002035e8091f0_0 .net/s *"_ivl_12", 43 0, L_000002035e8114f0;  1 drivers
L_000002035e812a50 .functor BUFT 1, C4<00000000000000000000000001000000000001001111>, C4<0>, C4<0>, C4<0>;
v000002035e80a410_0 .net/2s *"_ivl_14", 43 0, L_000002035e812a50;  1 drivers
v000002035e80a870_0 .net/s *"_ivl_18", 43 0, L_000002035e8119f0;  1 drivers
L_000002035e8129c0 .functor BUFT 1, C4<00000000000000000000000001000000000000000000>, C4<0>, C4<0>, C4<0>;
v000002035e80af50_0 .net/2s *"_ivl_2", 43 0, L_000002035e8129c0;  1 drivers
L_000002035e812a98 .functor BUFT 1, C4<11111111111111111111111110001100111101000011>, C4<0>, C4<0>, C4<0>;
v000002035e809290_0 .net/2s *"_ivl_20", 43 0, L_000002035e812a98;  1 drivers
v000002035e80a690_0 .net/s *"_ivl_24", 43 0, L_000002035e8111d0;  1 drivers
L_000002035e812ae0 .functor BUFT 1, C4<00000000000000000000000000110011110011010011>, C4<0>, C4<0>, C4<0>;
v000002035e80a730_0 .net/2s *"_ivl_26", 43 0, L_000002035e812ae0;  1 drivers
v000002035e80a230_0 .net/s *"_ivl_30", 46 0, L_000002035e811d10;  1 drivers
v000002035e80a7d0_0 .net/s *"_ivl_32", 46 0, L_000002035e810a50;  1 drivers
v000002035e80aaf0_0 .net/s *"_ivl_34", 46 0, L_000002035e811db0;  1 drivers
v000002035e809330_0 .net/s *"_ivl_36", 46 0, L_000002035e8123f0;  1 drivers
v000002035e80aeb0_0 .net/s *"_ivl_38", 46 0, L_000002035e811e50;  1 drivers
v000002035e80a910_0 .net/s *"_ivl_40", 46 0, L_000002035e810b90;  1 drivers
v000002035e809510_0 .net/s *"_ivl_42", 46 0, L_000002035e811770;  1 drivers
v000002035e8093d0_0 .net/s *"_ivl_44", 46 0, L_000002035e811f90;  1 drivers
v000002035e8095b0_0 .net *"_ivl_48", 46 0, L_000002035e811810;  1 drivers
v000002035e8098d0_0 .net *"_ivl_50", 28 0, L_000002035e811c70;  1 drivers
v000002035e80aff0_0 .net/s *"_ivl_6", 43 0, L_000002035e8125d0;  1 drivers
L_000002035e812a08 .functor BUFT 1, C4<11111111111111111111111110000000000001001111>, C4<0>, C4<0>, C4<0>;
v000002035e80a9b0_0 .net/2s *"_ivl_8", 43 0, L_000002035e812a08;  1 drivers
v000002035e80ad70_0 .net/s "a1_mult", 43 0, L_000002035e811b30;  1 drivers
v000002035e809650_0 .net/s "a2_mult", 43 0, L_000002035e812350;  1 drivers
v000002035e809f10_0 .net/s "b0_mult", 43 0, L_000002035e8122b0;  1 drivers
v000002035e809a10_0 .net/s "b1_mult", 43 0, L_000002035e811130;  1 drivers
v000002035e80aa50_0 .net/s "b2_mult", 43 0, L_000002035e810ff0;  1 drivers
v000002035e80a190_0 .net "clk", 0 0, v000002035e80bfc0_0;  alias, 1 drivers
v000002035e80ab90_0 .net "reset", 0 0, v000002035e812490_0;  alias, 1 drivers
v000002035e8096f0_0 .net/s "x", 23 0, v000002035e80c060_0;  alias, 1 drivers
v000002035e80a2d0_0 .var/s "x1", 23 0;
v000002035e809d30_0 .var/s "x2", 23 0;
v000002035e809790_0 .var/s "y", 23 0;
v000002035e809b50_0 .var/s "y1", 23 0;
v000002035e809ab0_0 .var/s "y2", 23 0;
v000002035e80a550_0 .net/s "y_next", 23 0, L_000002035e810c30;  1 drivers
v000002035e809bf0_0 .net/s "y_raw", 46 0, L_000002035e811590;  1 drivers
L_000002035e811a90 .extend/s 44, v000002035e80c060_0;
L_000002035e8122b0 .arith/mult 44, L_000002035e811a90, L_000002035e8129c0;
L_000002035e8125d0 .extend/s 44, v000002035e80a2d0_0;
L_000002035e811130 .arith/mult 44, L_000002035e8125d0, L_000002035e812a08;
L_000002035e8114f0 .extend/s 44, v000002035e809d30_0;
L_000002035e810ff0 .arith/mult 44, L_000002035e8114f0, L_000002035e812a50;
L_000002035e8119f0 .extend/s 44, v000002035e809b50_0;
L_000002035e811b30 .arith/mult 44, L_000002035e8119f0, L_000002035e812a98;
L_000002035e8111d0 .extend/s 44, v000002035e809ab0_0;
L_000002035e812350 .arith/mult 44, L_000002035e8111d0, L_000002035e812ae0;
L_000002035e811d10 .extend/s 47, L_000002035e8122b0;
L_000002035e810a50 .extend/s 47, L_000002035e811130;
L_000002035e811db0 .arith/sum 47, L_000002035e811d10, L_000002035e810a50;
L_000002035e8123f0 .extend/s 47, L_000002035e810ff0;
L_000002035e811e50 .arith/sum 47, L_000002035e811db0, L_000002035e8123f0;
L_000002035e810b90 .extend/s 47, L_000002035e811b30;
L_000002035e811770 .arith/sub 47, L_000002035e811e50, L_000002035e810b90;
L_000002035e811f90 .extend/s 47, L_000002035e812350;
L_000002035e811590 .arith/sub 47, L_000002035e811770, L_000002035e811f90;
L_000002035e811c70 .part L_000002035e811590, 18, 29;
L_000002035e811810 .extend/s 47, L_000002035e811c70;
L_000002035e810c30 .part L_000002035e811810, 0, 24;
S_000002035e6b6c80 .scope module, "stage2" "second_order_lpf" 8 39, 9 1 0, S_000002035e6b6960;
 .timescale -9 -12;
    .port_info 0 /INPUT 1 "clk";
    .port_info 1 /INPUT 1 "reset";
    .port_info 2 /INPUT 24 "x";
    .port_info 3 /OUTPUT 24 "y";
P_000002035e80e540 .param/l "A1" 0 9 8, +C4<10000110001001100111>;
P_000002035e80e578 .param/l "A2" 0 9 9, +C4<00111010101001100100>;
P_000002035e80e5b0 .param/l "ACC_W" 1 9 19, +C4<00000000000000000000000000101111>;
P_000002035e80e5e8 .param/l "B0" 0 9 5, +C4<01000000000000000000>;
P_000002035e80e620 .param/l "B1" 0 9 6, +C4<01111111111100100001>;
P_000002035e80e658 .param/l "B2" 0 9 7, +C4<00111111111110110001>;
P_000002035e80e690 .param/l "COEF_W" 1 9 17, +C4<00000000000000000000000000010100>;
P_000002035e80e6c8 .param/l "PROD_W" 1 9 18, +C4<00000000000000000000000000101100>;
P_000002035e80e700 .param/l "WIDTH" 0 9 2, +C4<00000000000000000000000000011000>;
v000002035e80ac30_0 .net/s *"_ivl_0", 43 0, L_000002035e810cd0;  1 drivers
v000002035e80acd0_0 .net/s *"_ivl_12", 43 0, L_000002035e812530;  1 drivers
L_000002035e812bb8 .functor BUFT 1, C4<00000000000000000000000000111111111110110001>, C4<0>, C4<0>, C4<0>;
v000002035e809c90_0 .net/2s *"_ivl_14", 43 0, L_000002035e812bb8;  1 drivers
v000002035e809dd0_0 .net/s *"_ivl_18", 43 0, L_000002035e812670;  1 drivers
L_000002035e812b28 .functor BUFT 1, C4<00000000000000000000000001000000000000000000>, C4<0>, C4<0>, C4<0>;
v000002035e809e70_0 .net/2s *"_ivl_2", 43 0, L_000002035e812b28;  1 drivers
L_000002035e812c00 .functor BUFT 1, C4<11111111111111111111111110000110001001100111>, C4<0>, C4<0>, C4<0>;
v000002035e809fb0_0 .net/2s *"_ivl_20", 43 0, L_000002035e812c00;  1 drivers
v000002035e80a050_0 .net/s *"_ivl_24", 43 0, L_000002035e810eb0;  1 drivers
L_000002035e812c48 .functor BUFT 1, C4<00000000000000000000000000111010101001100100>, C4<0>, C4<0>, C4<0>;
v000002035e80a370_0 .net/2s *"_ivl_26", 43 0, L_000002035e812c48;  1 drivers
v000002035e80be80_0 .net/s *"_ivl_30", 46 0, L_000002035e86b3e0;  1 drivers
v000002035e80ba20_0 .net/s *"_ivl_32", 46 0, L_000002035e86c600;  1 drivers
v000002035e80d000_0 .net/s *"_ivl_34", 46 0, L_000002035e86ae40;  1 drivers
v000002035e80b8e0_0 .net/s *"_ivl_36", 46 0, L_000002035e86b980;  1 drivers
v000002035e80bca0_0 .net/s *"_ivl_38", 46 0, L_000002035e86b200;  1 drivers
v000002035e80b160_0 .net/s *"_ivl_40", 46 0, L_000002035e86af80;  1 drivers
v000002035e80b7a0_0 .net/s *"_ivl_42", 46 0, L_000002035e86bd40;  1 drivers
v000002035e80c420_0 .net/s *"_ivl_44", 46 0, L_000002035e86b340;  1 drivers
v000002035e80cd80_0 .net *"_ivl_48", 46 0, L_000002035e86c740;  1 drivers
v000002035e80b3e0_0 .net *"_ivl_50", 28 0, L_000002035e86b480;  1 drivers
v000002035e80ce20_0 .net/s *"_ivl_6", 43 0, L_000002035e8120d0;  1 drivers
L_000002035e812b70 .functor BUFT 1, C4<00000000000000000000000001111111111100100001>, C4<0>, C4<0>, C4<0>;
v000002035e80b840_0 .net/2s *"_ivl_8", 43 0, L_000002035e812b70;  1 drivers
v000002035e80b700_0 .net/s "a1_mult", 43 0, L_000002035e812210;  1 drivers
v000002035e80c2e0_0 .net/s "a2_mult", 43 0, L_000002035e810f50;  1 drivers
v000002035e80bac0_0 .net/s "b0_mult", 43 0, L_000002035e811ef0;  1 drivers
v000002035e80c100_0 .net/s "b1_mult", 43 0, L_000002035e812030;  1 drivers
v000002035e80cec0_0 .net/s "b2_mult", 43 0, L_000002035e812170;  1 drivers
v000002035e80c380_0 .net "clk", 0 0, v000002035e80bfc0_0;  alias, 1 drivers
v000002035e80cce0_0 .net "reset", 0 0, v000002035e812490_0;  alias, 1 drivers
v000002035e80b200_0 .net/s "x", 23 0, v000002035e809790_0;  alias, 1 drivers
v000002035e80b980_0 .var/s "x1", 23 0;
v000002035e80c7e0_0 .var/s "x2", 23 0;
v000002035e80b480_0 .var/s "y", 23 0;
v000002035e80c4c0_0 .var/s "y1", 23 0;
v000002035e80cf60_0 .var/s "y2", 23 0;
v000002035e80c240_0 .net/s "y_next", 23 0, L_000002035e86aa80;  1 drivers
v000002035e80ca60_0 .net/s "y_raw", 46 0, L_000002035e86a9e0;  1 drivers
L_000002035e810cd0 .extend/s 44, v000002035e809790_0;
L_000002035e811ef0 .arith/mult 44, L_000002035e810cd0, L_000002035e812b28;
L_000002035e8120d0 .extend/s 44, v000002035e80b980_0;
L_000002035e812030 .arith/mult 44, L_000002035e8120d0, L_000002035e812b70;
L_000002035e812530 .extend/s 44, v000002035e80c7e0_0;
L_000002035e812170 .arith/mult 44, L_000002035e812530, L_000002035e812bb8;
L_000002035e812670 .extend/s 44, v000002035e80c4c0_0;
L_000002035e812210 .arith/mult 44, L_000002035e812670, L_000002035e812c00;
L_000002035e810eb0 .extend/s 44, v000002035e80cf60_0;
L_000002035e810f50 .arith/mult 44, L_000002035e810eb0, L_000002035e812c48;
L_000002035e86b3e0 .extend/s 47, L_000002035e811ef0;
L_000002035e86c600 .extend/s 47, L_000002035e812030;
L_000002035e86ae40 .arith/sum 47, L_000002035e86b3e0, L_000002035e86c600;
L_000002035e86b980 .extend/s 47, L_000002035e812170;
L_000002035e86b200 .arith/sum 47, L_000002035e86ae40, L_000002035e86b980;
L_000002035e86af80 .extend/s 47, L_000002035e812210;
L_000002035e86bd40 .arith/sub 47, L_000002035e86b200, L_000002035e86af80;
L_000002035e86b340 .extend/s 47, L_000002035e810f50;
L_000002035e86a9e0 .arith/sub 47, L_000002035e86bd40, L_000002035e86b340;
L_000002035e86b480 .part L_000002035e86a9e0, 18, 29;
L_000002035e86c740 .extend/s 47, L_000002035e86b480;
L_000002035e86aa80 .part L_000002035e86c740, 0, 24;
    .scope S_000002035e6b6af0;
T_0 ;
    %wait E_000002035e79e340;
    %load/vec4 v000002035e80ab90_0;
    %flag_set/vec4 8;
    %jmp/0xz  T_0.0, 8;
    %pushi/vec4 0, 0, 24;
    %assign/vec4 v000002035e80a2d0_0, 0;
    %pushi/vec4 0, 0, 24;
    %assign/vec4 v000002035e809d30_0, 0;
    %pushi/vec4 0, 0, 24;
    %assign/vec4 v000002035e809b50_0, 0;
    %pushi/vec4 0, 0, 24;
    %assign/vec4 v000002035e809ab0_0, 0;
    %pushi/vec4 0, 0, 24;
    %assign/vec4 v000002035e809790_0, 0;
    %jmp T_0.1;
T_0.0 ;
    %load/vec4 v000002035e80a550_0;
    %assign/vec4 v000002035e809790_0, 0;
    %load/vec4 v000002035e80a2d0_0;
    %assign/vec4 v000002035e809d30_0, 0;
    %load/vec4 v000002035e8096f0_0;
    %assign/vec4 v000002035e80a2d0_0, 0;
    %load/vec4 v000002035e809b50_0;
    %assign/vec4 v000002035e809ab0_0, 0;
    %load/vec4 v000002035e80a550_0;
    %assign/vec4 v000002035e809b50_0, 0;
T_0.1 ;
    %jmp T_0;
    .thread T_0;
    .scope S_000002035e6b6c80;
T_1 ;
    %wait E_000002035e79e340;
    %load/vec4 v000002035e80cce0_0;
    %flag_set/vec4 8;
    %jmp/0xz  T_1.0, 8;
    %pushi/vec4 0, 0, 24;
    %assign/vec4 v000002035e80b980_0, 0;
    %pushi/vec4 0, 0, 24;
    %assign/vec4 v000002035e80c7e0_0, 0;
    %pushi/vec4 0, 0, 24;
    %assign/vec4 v000002035e80c4c0_0, 0;
    %pushi/vec4 0, 0, 24;
    %assign/vec4 v000002035e80cf60_0, 0;
    %pushi/vec4 0, 0, 24;
    %assign/vec4 v000002035e80b480_0, 0;
    %jmp T_1.1;
T_1.0 ;
    %load/vec4 v000002035e80c240_0;
    %assign/vec4 v000002035e80b480_0, 0;
    %load/vec4 v000002035e80b980_0;
    %assign/vec4 v000002035e80c7e0_0, 0;
    %load/vec4 v000002035e80b200_0;
    %assign/vec4 v000002035e80b980_0, 0;
    %load/vec4 v000002035e80c4c0_0;
    %assign/vec4 v000002035e80cf60_0, 0;
    %load/vec4 v000002035e80c240_0;
    %assign/vec4 v000002035e80c4c0_0, 0;
T_1.1 ;
    %jmp T_1;
    .thread T_1;
    .scope S_000002035e7215f0;
T_2 ;
    %vpi_call/w 5 14 "$readmemh", "fft/cos_lut.txt", v000002035e801760 {0 0 0};
    %end;
    .thread T_2;
    .scope S_000002035e7215f0;
T_3 ;
    %wait E_000002035e79e780;
    %load/vec4 v000002035e8025c0_0;
    %pad/u 10;
    %ix/vec4 4;
    %load/vec4a v000002035e801760, 4;
    %assign/vec4 v000002035e801800_0, 0;
    %jmp T_3;
    .thread T_3;
    .scope S_000002035e71eb20;
T_4 ;
    %vpi_call/w 7 14 "$readmemh", "fft/sin_lut.txt", v000002035e808180 {0 0 0};
    %end;
    .thread T_4;
    .scope S_000002035e71eb20;
T_5 ;
    %wait E_000002035e79e780;
    %load/vec4 v000002035e807fa0_0;
    %pad/u 10;
    %ix/vec4 4;
    %load/vec4a v000002035e808180, 4;
    %assign/vec4 v000002035e807d20_0, 0;
    %jmp T_5;
    .thread T_5;
    .scope S_000002035e721780;
T_6 ;
    %pushi/vec4 0, 0, 32;
    %store/vec4 v000002035e802480_0, 0, 32;
T_6.0 ;
    %load/vec4 v000002035e802480_0;
    %cmpi/s 512, 0, 32;
    %jmp/0xz T_6.1, 5;
    %pushi/vec4 0, 0, 48;
    %ix/getv/s 4, v000002035e802480_0;
    %store/vec4a v000002035e8027a0, 4, 0;
    %load/vec4 v000002035e802480_0;
    %addi 1, 0, 32;
    %store/vec4 v000002035e802480_0, 0, 32;
    %jmp T_6.0;
T_6.1 ;
    %pushi/vec4 0, 0, 48;
    %store/vec4 v000002035e802840_0, 0, 48;
    %pushi/vec4 0, 0, 48;
    %store/vec4 v000002035e8084a0_0, 0, 48;
    %end;
    .thread T_6;
    .scope S_000002035e721780;
T_7 ;
    %wait E_000002035e79e780;
    %load/vec4 v000002035e8078c0_0;
    %flag_set/vec4 8;
    %jmp/0xz  T_7.0, 8;
    %load/vec4 v000002035e802200_0;
    %load/vec4 v000002035e801940_0;
    %pad/u 11;
    %ix/vec4 3;
    %ix/load 4, 0, 0; Constant delay
    %assign/vec4/a/d v000002035e8027a0, 0, 4;
    %load/vec4 v000002035e802200_0;
    %assign/vec4 v000002035e802840_0, 0;
    %jmp T_7.1;
T_7.0 ;
    %load/vec4 v000002035e801940_0;
    %pad/u 11;
    %ix/vec4 4;
    %load/vec4a v000002035e8027a0, 4;
    %assign/vec4 v000002035e802840_0, 0;
T_7.1 ;
    %load/vec4 v000002035e807c80_0;
    %flag_set/vec4 8;
    %jmp/0xz  T_7.2, 8;
    %load/vec4 v000002035e802340_0;
    %load/vec4 v000002035e8020c0_0;
    %pad/u 11;
    %ix/vec4 3;
    %ix/load 4, 0, 0; Constant delay
    %assign/vec4/a/d v000002035e8027a0, 0, 4;
    %load/vec4 v000002035e802340_0;
    %assign/vec4 v000002035e8084a0_0, 0;
    %jmp T_7.3;
T_7.2 ;
    %load/vec4 v000002035e8020c0_0;
    %pad/u 11;
    %ix/vec4 4;
    %load/vec4a v000002035e8027a0, 4;
    %assign/vec4 v000002035e8084a0_0, 0;
T_7.3 ;
    %jmp T_7;
    .thread T_7;
    .scope S_000002035e7122a0;
T_8 ;
Ewait_0 .event/or E_000002035e79e7c0, E_0x0;
    %wait Ewait_0;
    %pushi/vec4 1, 0, 10;
    %ix/getv 4, v000002035e8080e0_0;
    %shiftl 4;
    %store/vec4 v000002035e8082c0_0, 0, 10;
    %load/vec4 v000002035e8082c0_0;
    %ix/load 4, 1, 0;
    %flag_set/imm 4, 0;
    %shiftr 4;
    %store/vec4 v000002035e808720_0, 0, 10;
    %jmp T_8;
    .thread T_8, $push;
    .scope S_000002035e7122a0;
T_9 ;
    %wait E_000002035e79e340;
    %load/vec4 v000002035e807a00_0;
    %flag_set/vec4 8;
    %jmp/0xz  T_9.0, 8;
    %pushi/vec4 0, 0, 4;
    %assign/vec4 v000002035e809830_0, 0;
    %pushi/vec4 0, 0, 9;
    %assign/vec4 v000002035e808b80_0, 0;
    %pushi/vec4 1, 0, 9;
    %assign/vec4 v000002035e8080e0_0, 0;
    %pushi/vec4 0, 0, 9;
    %assign/vec4 v000002035e807280_0, 0;
    %pushi/vec4 0, 0, 9;
    %assign/vec4 v000002035e808400_0, 0;
    %pushi/vec4 0, 0, 9;
    %assign/vec4 v000002035e8085e0_0, 0;
    %pushi/vec4 1, 0, 9;
    %assign/vec4 v000002035e807dc0_0, 0;
    %pushi/vec4 0, 0, 9;
    %assign/vec4 v000002035e809970_0, 0;
    %pushi/vec4 0, 0, 1;
    %assign/vec4 v000002035e80ae10_0, 0;
    %pushi/vec4 0, 0, 1;
    %assign/vec4 v000002035e809470_0, 0;
    %pushi/vec4 0, 0, 9;
    %assign/vec4 v000002035e808900_0, 0;
    %pushi/vec4 0, 0, 9;
    %assign/vec4 v000002035e807460_0, 0;
    %pushi/vec4 0, 0, 48;
    %assign/vec4 v000002035e8071e0_0, 0;
    %pushi/vec4 0, 0, 48;
    %assign/vec4 v000002035e807960_0, 0;
    %pushi/vec4 0, 0, 24;
    %assign/vec4 v000002035e80a5f0_0, 0;
    %pushi/vec4 0, 0, 24;
    %assign/vec4 v000002035e80a0f0_0, 0;
    %pushi/vec4 0, 0, 41;
    %assign/vec4 v000002035e808ae0_0, 0;
    %pushi/vec4 0, 0, 41;
    %assign/vec4 v000002035e809150_0, 0;
    %pushi/vec4 0, 0, 9;
    %assign/vec4 v000002035e807f00_0, 0;
    %pushi/vec4 0, 0, 1;
    %assign/vec4 v000002035e807780_0, 0;
    %pushi/vec4 0, 0, 24;
    %assign/vec4 v000002035e807e60_0, 0;
    %pushi/vec4 0, 0, 24;
    %assign/vec4 v000002035e808f40_0, 0;
    %jmp T_9.1;
T_9.0 ;
    %pushi/vec4 0, 0, 1;
    %assign/vec4 v000002035e80ae10_0, 0;
    %pushi/vec4 0, 0, 1;
    %assign/vec4 v000002035e809470_0, 0;
    %load/vec4 v000002035e809830_0;
    %dup/vec4;
    %pushi/vec4 0, 0, 4;
    %cmp/u;
    %jmp/1 T_9.2, 6;
    %dup/vec4;
    %pushi/vec4 1, 0, 4;
    %cmp/u;
    %jmp/1 T_9.3, 6;
    %dup/vec4;
    %pushi/vec4 2, 0, 4;
    %cmp/u;
    %jmp/1 T_9.4, 6;
    %dup/vec4;
    %pushi/vec4 3, 0, 4;
    %cmp/u;
    %jmp/1 T_9.5, 6;
    %dup/vec4;
    %pushi/vec4 4, 0, 4;
    %cmp/u;
    %jmp/1 T_9.6, 6;
    %dup/vec4;
    %pushi/vec4 5, 0, 4;
    %cmp/u;
    %jmp/1 T_9.7, 6;
    %dup/vec4;
    %pushi/vec4 6, 0, 4;
    %cmp/u;
    %jmp/1 T_9.8, 6;
    %dup/vec4;
    %pushi/vec4 7, 0, 4;
    %cmp/u;
    %jmp/1 T_9.9, 6;
    %dup/vec4;
    %pushi/vec4 8, 0, 4;
    %cmp/u;
    %jmp/1 T_9.10, 6;
    %dup/vec4;
    %pushi/vec4 9, 0, 4;
    %cmp/u;
    %jmp/1 T_9.11, 6;
    %dup/vec4;
    %pushi/vec4 10, 0, 4;
    %cmp/u;
    %jmp/1 T_9.12, 6;
    %dup/vec4;
    %pushi/vec4 11, 0, 4;
    %cmp/u;
    %jmp/1 T_9.13, 6;
    %pushi/vec4 0, 0, 4;
    %assign/vec4 v000002035e809830_0, 0;
    %jmp T_9.15;
T_9.2 ;
    %load/vec4 v000002035e808cc0_0;
    %flag_set/vec4 8;
    %jmp/0xz  T_9.16, 8;
    %pushi/vec4 1, 0, 1;
    %assign/vec4 v000002035e80ae10_0, 0;
    %load/vec4 v000002035e807820_0;
    %assign/vec4 v000002035e808900_0, 0;
    %pushi/vec4 0, 0, 24;
    %load/vec4 v000002035e808c20_0;
    %concat/vec4; draw_concat_vec4
    %assign/vec4 v000002035e8071e0_0, 0;
    %load/vec4 v000002035e808b80_0;
    %pad/u 32;
    %cmpi/e 511, 0, 32;
    %jmp/0xz  T_9.18, 4;
    %pushi/vec4 0, 0, 9;
    %assign/vec4 v000002035e808b80_0, 0;
    %pushi/vec4 1, 0, 9;
    %assign/vec4 v000002035e8080e0_0, 0;
    %pushi/vec4 0, 0, 9;
    %assign/vec4 v000002035e807280_0, 0;
    %pushi/vec4 0, 0, 9;
    %assign/vec4 v000002035e808400_0, 0;
    %pushi/vec4 7, 0, 4;
    %assign/vec4 v000002035e809830_0, 0;
    %jmp T_9.19;
T_9.18 ;
    %load/vec4 v000002035e808b80_0;
    %addi 1, 0, 9;
    %assign/vec4 v000002035e808b80_0, 0;
T_9.19 ;
T_9.16 ;
    %jmp T_9.15;
T_9.3 ;
    %load/vec4 v000002035e8085e0_0;
    %assign/vec4 v000002035e808900_0, 0;
    %load/vec4 v000002035e807dc0_0;
    %assign/vec4 v000002035e807460_0, 0;
    %pushi/vec4 2, 0, 4;
    %assign/vec4 v000002035e809830_0, 0;
    %jmp T_9.15;
T_9.4 ;
    %pushi/vec4 3, 0, 4;
    %assign/vec4 v000002035e809830_0, 0;
    %jmp T_9.15;
T_9.5 ;
    %load/vec4 v000002035e807500_0;
    %parti/s 24, 24, 6;
    %assign/vec4 v000002035e8073c0_0, 0;
    %load/vec4 v000002035e807500_0;
    %parti/s 24, 0, 2;
    %assign/vec4 v000002035e808e00_0, 0;
    %load/vec4 v000002035e8075a0_0;
    %parti/s 24, 24, 6;
    %assign/vec4 v000002035e808d60_0, 0;
    %load/vec4 v000002035e8075a0_0;
    %parti/s 24, 0, 2;
    %assign/vec4 v000002035e808ea0_0, 0;
    %pushi/vec4 4, 0, 4;
    %assign/vec4 v000002035e809830_0, 0;
    %jmp T_9.15;
T_9.6 ;
    %load/vec4 v000002035e808ea0_0;
    %pad/s 40;
    %load/vec4 v000002035e807140_0;
    %pad/s 40;
    %mul;
    %assign/vec4 v000002035e8076e0_0, 0;
    %load/vec4 v000002035e808d60_0;
    %pad/s 40;
    %load/vec4 v000002035e807140_0;
    %pad/s 40;
    %mul;
    %assign/vec4 v000002035e808a40_0, 0;
    %load/vec4 v000002035e808ea0_0;
    %pad/s 40;
    %load/vec4 v000002035e807aa0_0;
    %pad/s 40;
    %mul;
    %assign/vec4 v000002035e808040_0, 0;
    %load/vec4 v000002035e808d60_0;
    %pad/s 40;
    %load/vec4 v000002035e807aa0_0;
    %pad/s 40;
    %mul;
    %assign/vec4 v000002035e807b40_0, 0;
    %pushi/vec4 5, 0, 4;
    %assign/vec4 v000002035e809830_0, 0;
    %jmp T_9.15;
T_9.7 ;
    %load/vec4 v000002035e8076e0_0;
    %load/vec4 v000002035e807b40_0;
    %add;
    %addi 16384, 0, 40;
    %ix/load 4, 15, 0;
    %flag_set/imm 4, 0;
    %shiftr/s 4;
    %pad/s 24;
    %assign/vec4 v000002035e80a5f0_0, 0;
    %load/vec4 v000002035e808a40_0;
    %load/vec4 v000002035e808040_0;
    %sub;
    %addi 16384, 0, 40;
    %ix/load 4, 15, 0;
    %flag_set/imm 4, 0;
    %shiftr/s 4;
    %pad/s 24;
    %assign/vec4 v000002035e80a0f0_0, 0;
    %pushi/vec4 6, 0, 4;
    %assign/vec4 v000002035e809830_0, 0;
    %jmp T_9.15;
T_9.8 ;
    %pushi/vec4 1, 0, 1;
    %assign/vec4 v000002035e80ae10_0, 0;
    %pushi/vec4 1, 0, 1;
    %assign/vec4 v000002035e809470_0, 0;
    %load/vec4 v000002035e8073c0_0;
    %load/vec4 v000002035e80a0f0_0;
    %add;
    %load/vec4 v000002035e808e00_0;
    %load/vec4 v000002035e80a5f0_0;
    %add;
    %concat/vec4; draw_concat_vec4
    %assign/vec4 v000002035e8071e0_0, 0;
    %load/vec4 v000002035e8073c0_0;
    %load/vec4 v000002035e80a0f0_0;
    %sub;
    %load/vec4 v000002035e808e00_0;
    %load/vec4 v000002035e80a5f0_0;
    %sub;
    %concat/vec4; draw_concat_vec4
    %assign/vec4 v000002035e807960_0, 0;
    %pushi/vec4 7, 0, 4;
    %assign/vec4 v000002035e809830_0, 0;
    %jmp T_9.15;
T_9.9 ;
    %load/vec4 v000002035e8080e0_0;
    %pad/u 32;
    %cmpi/u 9, 0, 32;
    %flag_or 5, 4;
    %jmp/0xz  T_9.20, 5;
    %pushi/vec4 1, 0, 4;
    %assign/vec4 v000002035e809830_0, 0;
    %load/vec4 v000002035e808400_0;
    %pad/u 32;
    %load/vec4 v000002035e8082c0_0;
    %pad/u 32;
    %add;
    %cmpi/u 512, 0, 32;
    %flag_inv 5; GE is !LT
    %jmp/0xz  T_9.22, 5;
    %pushi/vec4 0, 0, 9;
    %assign/vec4 v000002035e808400_0, 0;
    %load/vec4 v000002035e808720_0;
    %parti/s 9, 0, 2;
    %pad/u 32;
    %load/vec4 v000002035e807280_0;
    %pad/u 32;
    %addi 1, 0, 32;
    %cmp/u;
    %flag_or 5, 4;
    %jmp/0xz  T_9.24, 5;
    %pushi/vec4 0, 0, 9;
    %assign/vec4 v000002035e807280_0, 0;
    %load/vec4 v000002035e8080e0_0;
    %pad/u 32;
    %cmpi/e 9, 0, 32;
    %jmp/0xz  T_9.26, 4;
    %pushi/vec4 0, 0, 9;
    %assign/vec4 v000002035e808b80_0, 0;
    %pushi/vec4 8, 0, 4;
    %assign/vec4 v000002035e809830_0, 0;
    %jmp T_9.27;
T_9.26 ;
    %load/vec4 v000002035e8080e0_0;
    %addi 1, 0, 9;
    %assign/vec4 v000002035e8080e0_0, 0;
T_9.27 ;
    %jmp T_9.25;
T_9.24 ;
    %load/vec4 v000002035e807280_0;
    %addi 1, 0, 9;
    %assign/vec4 v000002035e807280_0, 0;
T_9.25 ;
    %jmp T_9.23;
T_9.22 ;
    %load/vec4 v000002035e808400_0;
    %load/vec4 v000002035e8082c0_0;
    %parti/s 9, 0, 2;
    %add;
    %assign/vec4 v000002035e808400_0, 0;
T_9.23 ;
    %jmp T_9.21;
T_9.20 ;
    %pushi/vec4 0, 0, 9;
    %assign/vec4 v000002035e808b80_0, 0;
    %pushi/vec4 8, 0, 4;
    %assign/vec4 v000002035e809830_0, 0;
T_9.21 ;
    %load/vec4 v000002035e808400_0;
    %load/vec4 v000002035e807280_0;
    %add;
    %assign/vec4 v000002035e8085e0_0, 0;
    %load/vec4 v000002035e808400_0;
    %load/vec4 v000002035e807280_0;
    %add;
    %load/vec4 v000002035e808720_0;
    %parti/s 9, 0, 2;
    %add;
    %assign/vec4 v000002035e807dc0_0, 0;
    %load/vec4 v000002035e807280_0;
    %pushi/vec4 9, 0, 32;
    %load/vec4 v000002035e8080e0_0;
    %pad/u 32;
    %sub;
    %ix/vec4 4;
    %shiftl 4;
    %assign/vec4 v000002035e809970_0, 0;
    %jmp T_9.15;
T_9.10 ;
    %pushi/vec4 0, 0, 1;
    %assign/vec4 v000002035e807780_0, 0;
    %load/vec4 v000002035e808b80_0;
    %assign/vec4 v000002035e808900_0, 0;
    %pushi/vec4 9, 0, 4;
    %assign/vec4 v000002035e809830_0, 0;
    %jmp T_9.15;
T_9.11 ;
    %pushi/vec4 10, 0, 4;
    %assign/vec4 v000002035e809830_0, 0;
    %jmp T_9.15;
T_9.12 ;
    %load/vec4 v000002035e808b80_0;
    %assign/vec4 v000002035e807f00_0, 0;
    %load/vec4 v000002035e807500_0;
    %parti/s 24, 0, 2;
    %assign/vec4 v000002035e807e60_0, 0;
    %load/vec4 v000002035e807500_0;
    %parti/s 24, 24, 6;
    %assign/vec4 v000002035e808f40_0, 0;
    %pushi/vec4 1, 0, 1;
    %assign/vec4 v000002035e807780_0, 0;
    %load/vec4 v000002035e808b80_0;
    %pad/u 32;
    %cmpi/e 511, 0, 32;
    %jmp/0xz  T_9.28, 4;
    %pushi/vec4 11, 0, 4;
    %assign/vec4 v000002035e809830_0, 0;
    %jmp T_9.29;
T_9.28 ;
    %load/vec4 v000002035e808b80_0;
    %addi 1, 0, 9;
    %assign/vec4 v000002035e808b80_0, 0;
    %pushi/vec4 8, 0, 4;
    %assign/vec4 v000002035e809830_0, 0;
T_9.29 ;
    %jmp T_9.15;
T_9.13 ;
    %pushi/vec4 0, 0, 1;
    %assign/vec4 v000002035e807780_0, 0;
    %jmp T_9.15;
T_9.15 ;
    %pop/vec4 1;
T_9.1 ;
    %jmp T_9;
    .thread T_9;
    .scope S_000002035e7160e0;
T_10 ;
    %vpi_call/w 5 14 "$readmemh", "fft/cos_lut.txt", v000002035e786460 {0 0 0};
    %end;
    .thread T_10;
    .scope S_000002035e7160e0;
T_11 ;
    %wait E_000002035e79e780;
    %load/vec4 v000002035e785ce0_0;
    %pad/u 10;
    %ix/vec4 4;
    %load/vec4a v000002035e786460, 4;
    %assign/vec4 v000002035e785880_0, 0;
    %jmp T_11;
    .thread T_11;
    .scope S_000002035e716270;
T_12 ;
    %vpi_call/w 7 14 "$readmemh", "fft/sin_lut.txt", v000002035e7863c0 {0 0 0};
    %end;
    .thread T_12;
    .scope S_000002035e716270;
T_13 ;
    %wait E_000002035e79e780;
    %load/vec4 v000002035e786280_0;
    %pad/u 10;
    %ix/vec4 4;
    %load/vec4a v000002035e7863c0, 4;
    %assign/vec4 v000002035e786500_0, 0;
    %jmp T_13;
    .thread T_13;
    .scope S_000002035e7bed80;
T_14 ;
    %pushi/vec4 0, 0, 32;
    %store/vec4 v000002035e785ba0_0, 0, 32;
T_14.0 ;
    %load/vec4 v000002035e785ba0_0;
    %cmpi/s 512, 0, 32;
    %jmp/0xz T_14.1, 5;
    %pushi/vec4 0, 0, 48;
    %ix/getv/s 4, v000002035e785ba0_0;
    %store/vec4a v000002035e785ec0, 4, 0;
    %load/vec4 v000002035e785ba0_0;
    %addi 1, 0, 32;
    %store/vec4 v000002035e785ba0_0, 0, 32;
    %jmp T_14.0;
T_14.1 ;
    %pushi/vec4 0, 0, 48;
    %store/vec4 v000002035e785f60_0, 0, 48;
    %pushi/vec4 0, 0, 48;
    %store/vec4 v000002035e786820_0, 0, 48;
    %end;
    .thread T_14;
    .scope S_000002035e7bed80;
T_15 ;
    %wait E_000002035e79e780;
    %load/vec4 v000002035e786000_0;
    %flag_set/vec4 8;
    %jmp/0xz  T_15.0, 8;
    %load/vec4 v000002035e784a20_0;
    %load/vec4 v000002035e785e20_0;
    %pad/u 11;
    %ix/vec4 3;
    %ix/load 4, 0, 0; Constant delay
    %assign/vec4/a/d v000002035e785ec0, 0, 4;
    %load/vec4 v000002035e784a20_0;
    %assign/vec4 v000002035e785f60_0, 0;
    %jmp T_15.1;
T_15.0 ;
    %load/vec4 v000002035e785e20_0;
    %pad/u 11;
    %ix/vec4 4;
    %load/vec4a v000002035e785ec0, 4;
    %assign/vec4 v000002035e785f60_0, 0;
T_15.1 ;
    %load/vec4 v000002035e7861e0_0;
    %flag_set/vec4 8;
    %jmp/0xz  T_15.2, 8;
    %load/vec4 v000002035e785b00_0;
    %load/vec4 v000002035e785a60_0;
    %pad/u 11;
    %ix/vec4 3;
    %ix/load 4, 0, 0; Constant delay
    %assign/vec4/a/d v000002035e785ec0, 0, 4;
    %load/vec4 v000002035e785b00_0;
    %assign/vec4 v000002035e786820_0, 0;
    %jmp T_15.3;
T_15.2 ;
    %load/vec4 v000002035e785a60_0;
    %pad/u 11;
    %ix/vec4 4;
    %load/vec4a v000002035e785ec0, 4;
    %assign/vec4 v000002035e786820_0, 0;
T_15.3 ;
    %jmp T_15;
    .thread T_15;
    .scope S_000002035e749cc0;
T_16 ;
Ewait_1 .event/or E_000002035e79e200, E_0x0;
    %wait Ewait_1;
    %pushi/vec4 1, 0, 10;
    %ix/getv 4, v000002035e801b20_0;
    %shiftl 4;
    %store/vec4 v000002035e784d40_0, 0, 10;
    %load/vec4 v000002035e784d40_0;
    %ix/load 4, 1, 0;
    %flag_set/imm 4, 0;
    %shiftr 4;
    %store/vec4 v000002035e7865a0_0, 0, 10;
    %jmp T_16;
    .thread T_16, $push;
    .scope S_000002035e749cc0;
T_17 ;
    %wait E_000002035e79e340;
    %load/vec4 v000002035e802ac0_0;
    %flag_set/vec4 8;
    %jmp/0xz  T_17.0, 8;
    %pushi/vec4 0, 0, 4;
    %assign/vec4 v000002035e8022a0_0, 0;
    %pushi/vec4 0, 0, 9;
    %assign/vec4 v000002035e8023e0_0, 0;
    %pushi/vec4 1, 0, 9;
    %assign/vec4 v000002035e801b20_0, 0;
    %pushi/vec4 0, 0, 9;
    %assign/vec4 v000002035e801300_0, 0;
    %pushi/vec4 0, 0, 9;
    %assign/vec4 v000002035e786640_0, 0;
    %pushi/vec4 0, 0, 9;
    %assign/vec4 v000002035e8018a0_0, 0;
    %pushi/vec4 1, 0, 9;
    %assign/vec4 v000002035e801ee0_0, 0;
    %pushi/vec4 0, 0, 9;
    %assign/vec4 v000002035e802020_0, 0;
    %pushi/vec4 0, 0, 1;
    %assign/vec4 v000002035e801580_0, 0;
    %pushi/vec4 0, 0, 1;
    %assign/vec4 v000002035e802700_0, 0;
    %pushi/vec4 0, 0, 9;
    %assign/vec4 v000002035e771010_0, 0;
    %pushi/vec4 0, 0, 9;
    %assign/vec4 v000002035e802fc0_0, 0;
    %pushi/vec4 0, 0, 48;
    %assign/vec4 v000002035e8011c0_0, 0;
    %pushi/vec4 0, 0, 48;
    %assign/vec4 v000002035e801120_0, 0;
    %pushi/vec4 0, 0, 24;
    %assign/vec4 v000002035e802d40_0, 0;
    %pushi/vec4 0, 0, 24;
    %assign/vec4 v000002035e802ca0_0, 0;
    %pushi/vec4 0, 0, 41;
    %assign/vec4 v000002035e802f20_0, 0;
    %pushi/vec4 0, 0, 41;
    %assign/vec4 v000002035e802520_0, 0;
    %pushi/vec4 0, 0, 9;
    %assign/vec4 v000002035e801f80_0, 0;
    %pushi/vec4 0, 0, 1;
    %assign/vec4 v000002035e8014e0_0, 0;
    %pushi/vec4 0, 0, 24;
    %assign/vec4 v000002035e801c60_0, 0;
    %pushi/vec4 0, 0, 24;
    %assign/vec4 v000002035e801620_0, 0;
    %jmp T_17.1;
T_17.0 ;
    %pushi/vec4 0, 0, 1;
    %assign/vec4 v000002035e801580_0, 0;
    %pushi/vec4 0, 0, 1;
    %assign/vec4 v000002035e802700_0, 0;
    %load/vec4 v000002035e8022a0_0;
    %dup/vec4;
    %pushi/vec4 0, 0, 4;
    %cmp/u;
    %jmp/1 T_17.2, 6;
    %dup/vec4;
    %pushi/vec4 1, 0, 4;
    %cmp/u;
    %jmp/1 T_17.3, 6;
    %dup/vec4;
    %pushi/vec4 2, 0, 4;
    %cmp/u;
    %jmp/1 T_17.4, 6;
    %dup/vec4;
    %pushi/vec4 3, 0, 4;
    %cmp/u;
    %jmp/1 T_17.5, 6;
    %dup/vec4;
    %pushi/vec4 4, 0, 4;
    %cmp/u;
    %jmp/1 T_17.6, 6;
    %dup/vec4;
    %pushi/vec4 5, 0, 4;
    %cmp/u;
    %jmp/1 T_17.7, 6;
    %dup/vec4;
    %pushi/vec4 6, 0, 4;
    %cmp/u;
    %jmp/1 T_17.8, 6;
    %dup/vec4;
    %pushi/vec4 7, 0, 4;
    %cmp/u;
    %jmp/1 T_17.9, 6;
    %dup/vec4;
    %pushi/vec4 8, 0, 4;
    %cmp/u;
    %jmp/1 T_17.10, 6;
    %dup/vec4;
    %pushi/vec4 9, 0, 4;
    %cmp/u;
    %jmp/1 T_17.11, 6;
    %dup/vec4;
    %pushi/vec4 10, 0, 4;
    %cmp/u;
    %jmp/1 T_17.12, 6;
    %dup/vec4;
    %pushi/vec4 11, 0, 4;
    %cmp/u;
    %jmp/1 T_17.13, 6;
    %pushi/vec4 0, 0, 4;
    %assign/vec4 v000002035e8022a0_0, 0;
    %jmp T_17.15;
T_17.2 ;
    %load/vec4 v000002035e801e40_0;
    %flag_set/vec4 8;
    %jmp/0xz  T_17.16, 8;
    %pushi/vec4 1, 0, 1;
    %assign/vec4 v000002035e801580_0, 0;
    %load/vec4 v000002035e801da0_0;
    %assign/vec4 v000002035e771010_0, 0;
    %pushi/vec4 0, 0, 24;
    %load/vec4 v000002035e801a80_0;
    %concat/vec4; draw_concat_vec4
    %assign/vec4 v000002035e8011c0_0, 0;
    %load/vec4 v000002035e8023e0_0;
    %pad/u 32;
    %cmpi/e 511, 0, 32;
    %jmp/0xz  T_17.18, 4;
    %pushi/vec4 0, 0, 9;
    %assign/vec4 v000002035e8023e0_0, 0;
    %pushi/vec4 1, 0, 9;
    %assign/vec4 v000002035e801b20_0, 0;
    %pushi/vec4 0, 0, 9;
    %assign/vec4 v000002035e801300_0, 0;
    %pushi/vec4 0, 0, 9;
    %assign/vec4 v000002035e786640_0, 0;
    %pushi/vec4 7, 0, 4;
    %assign/vec4 v000002035e8022a0_0, 0;
    %jmp T_17.19;
T_17.18 ;
    %load/vec4 v000002035e8023e0_0;
    %addi 1, 0, 9;
    %assign/vec4 v000002035e8023e0_0, 0;
T_17.19 ;
T_17.16 ;
    %jmp T_17.15;
T_17.3 ;
    %load/vec4 v000002035e8018a0_0;
    %assign/vec4 v000002035e771010_0, 0;
    %load/vec4 v000002035e801ee0_0;
    %assign/vec4 v000002035e802fc0_0, 0;
    %pushi/vec4 2, 0, 4;
    %assign/vec4 v000002035e8022a0_0, 0;
    %jmp T_17.15;
T_17.4 ;
    %pushi/vec4 3, 0, 4;
    %assign/vec4 v000002035e8022a0_0, 0;
    %jmp T_17.15;
T_17.5 ;
    %load/vec4 v000002035e8016c0_0;
    %parti/s 24, 24, 6;
    %assign/vec4 v000002035e801440_0, 0;
    %load/vec4 v000002035e8016c0_0;
    %parti/s 24, 0, 2;
    %assign/vec4 v000002035e801260_0, 0;
    %load/vec4 v000002035e802a20_0;
    %parti/s 24, 24, 6;
    %assign/vec4 v000002035e802980_0, 0;
    %load/vec4 v000002035e802a20_0;
    %parti/s 24, 0, 2;
    %assign/vec4 v000002035e8019e0_0, 0;
    %pushi/vec4 4, 0, 4;
    %assign/vec4 v000002035e8022a0_0, 0;
    %jmp T_17.15;
T_17.6 ;
    %load/vec4 v000002035e8019e0_0;
    %pad/s 40;
    %load/vec4 v000002035e8028e0_0;
    %pad/s 40;
    %mul;
    %assign/vec4 v000002035e802b60_0, 0;
    %load/vec4 v000002035e802980_0;
    %pad/s 40;
    %load/vec4 v000002035e8028e0_0;
    %pad/s 40;
    %mul;
    %assign/vec4 v000002035e802e80_0, 0;
    %load/vec4 v000002035e8019e0_0;
    %pad/s 40;
    %load/vec4 v000002035e8013a0_0;
    %pad/s 40;
    %mul;
    %assign/vec4 v000002035e802c00_0, 0;
    %load/vec4 v000002035e802980_0;
    %pad/s 40;
    %load/vec4 v000002035e8013a0_0;
    %pad/s 40;
    %mul;
    %assign/vec4 v000002035e802660_0, 0;
    %pushi/vec4 5, 0, 4;
    %assign/vec4 v000002035e8022a0_0, 0;
    %jmp T_17.15;
T_17.7 ;
    %load/vec4 v000002035e802b60_0;
    %load/vec4 v000002035e802660_0;
    %add;
    %addi 16384, 0, 40;
    %ix/load 4, 15, 0;
    %flag_set/imm 4, 0;
    %shiftr/s 4;
    %pad/s 24;
    %assign/vec4 v000002035e802d40_0, 0;
    %load/vec4 v000002035e802e80_0;
    %load/vec4 v000002035e802c00_0;
    %sub;
    %addi 16384, 0, 40;
    %ix/load 4, 15, 0;
    %flag_set/imm 4, 0;
    %shiftr/s 4;
    %pad/s 24;
    %assign/vec4 v000002035e802ca0_0, 0;
    %pushi/vec4 6, 0, 4;
    %assign/vec4 v000002035e8022a0_0, 0;
    %jmp T_17.15;
T_17.8 ;
    %pushi/vec4 1, 0, 1;
    %assign/vec4 v000002035e801580_0, 0;
    %pushi/vec4 1, 0, 1;
    %assign/vec4 v000002035e802700_0, 0;
    %load/vec4 v000002035e801440_0;
    %load/vec4 v000002035e802ca0_0;
    %add;
    %load/vec4 v000002035e801260_0;
    %load/vec4 v000002035e802d40_0;
    %add;
    %concat/vec4; draw_concat_vec4
    %assign/vec4 v000002035e8011c0_0, 0;
    %load/vec4 v000002035e801440_0;
    %load/vec4 v000002035e802ca0_0;
    %sub;
    %load/vec4 v000002035e801260_0;
    %load/vec4 v000002035e802d40_0;
    %sub;
    %concat/vec4; draw_concat_vec4
    %assign/vec4 v000002035e801120_0, 0;
    %pushi/vec4 7, 0, 4;
    %assign/vec4 v000002035e8022a0_0, 0;
    %jmp T_17.15;
T_17.9 ;
    %load/vec4 v000002035e801b20_0;
    %pad/u 32;
    %cmpi/u 9, 0, 32;
    %flag_or 5, 4;
    %jmp/0xz  T_17.20, 5;
    %pushi/vec4 1, 0, 4;
    %assign/vec4 v000002035e8022a0_0, 0;
    %load/vec4 v000002035e786640_0;
    %pad/u 32;
    %load/vec4 v000002035e784d40_0;
    %pad/u 32;
    %add;
    %cmpi/u 512, 0, 32;
    %flag_inv 5; GE is !LT
    %jmp/0xz  T_17.22, 5;
    %pushi/vec4 0, 0, 9;
    %assign/vec4 v000002035e786640_0, 0;
    %load/vec4 v000002035e7865a0_0;
    %parti/s 9, 0, 2;
    %pad/u 32;
    %load/vec4 v000002035e801300_0;
    %pad/u 32;
    %addi 1, 0, 32;
    %cmp/u;
    %flag_or 5, 4;
    %jmp/0xz  T_17.24, 5;
    %pushi/vec4 0, 0, 9;
    %assign/vec4 v000002035e801300_0, 0;
    %load/vec4 v000002035e801b20_0;
    %pad/u 32;
    %cmpi/e 9, 0, 32;
    %jmp/0xz  T_17.26, 4;
    %pushi/vec4 0, 0, 9;
    %assign/vec4 v000002035e8023e0_0, 0;
    %pushi/vec4 8, 0, 4;
    %assign/vec4 v000002035e8022a0_0, 0;
    %jmp T_17.27;
T_17.26 ;
    %load/vec4 v000002035e801b20_0;
    %addi 1, 0, 9;
    %assign/vec4 v000002035e801b20_0, 0;
T_17.27 ;
    %jmp T_17.25;
T_17.24 ;
    %load/vec4 v000002035e801300_0;
    %addi 1, 0, 9;
    %assign/vec4 v000002035e801300_0, 0;
T_17.25 ;
    %jmp T_17.23;
T_17.22 ;
    %load/vec4 v000002035e786640_0;
    %load/vec4 v000002035e784d40_0;
    %parti/s 9, 0, 2;
    %add;
    %assign/vec4 v000002035e786640_0, 0;
T_17.23 ;
    %jmp T_17.21;
T_17.20 ;
    %pushi/vec4 0, 0, 9;
    %assign/vec4 v000002035e8023e0_0, 0;
    %pushi/vec4 8, 0, 4;
    %assign/vec4 v000002035e8022a0_0, 0;
T_17.21 ;
    %load/vec4 v000002035e786640_0;
    %load/vec4 v000002035e801300_0;
    %add;
    %assign/vec4 v000002035e8018a0_0, 0;
    %load/vec4 v000002035e786640_0;
    %load/vec4 v000002035e801300_0;
    %add;
    %load/vec4 v000002035e7865a0_0;
    %parti/s 9, 0, 2;
    %add;
    %assign/vec4 v000002035e801ee0_0, 0;
    %load/vec4 v000002035e801300_0;
    %pushi/vec4 9, 0, 32;
    %load/vec4 v000002035e801b20_0;
    %pad/u 32;
    %sub;
    %ix/vec4 4;
    %shiftl 4;
    %assign/vec4 v000002035e802020_0, 0;
    %jmp T_17.15;
T_17.10 ;
    %pushi/vec4 0, 0, 1;
    %assign/vec4 v000002035e8014e0_0, 0;
    %load/vec4 v000002035e8023e0_0;
    %assign/vec4 v000002035e771010_0, 0;
    %pushi/vec4 9, 0, 4;
    %assign/vec4 v000002035e8022a0_0, 0;
    %jmp T_17.15;
T_17.11 ;
    %pushi/vec4 10, 0, 4;
    %assign/vec4 v000002035e8022a0_0, 0;
    %jmp T_17.15;
T_17.12 ;
    %load/vec4 v000002035e8023e0_0;
    %assign/vec4 v000002035e801f80_0, 0;
    %load/vec4 v000002035e8016c0_0;
    %parti/s 24, 0, 2;
    %assign/vec4 v000002035e801c60_0, 0;
    %load/vec4 v000002035e8016c0_0;
    %parti/s 24, 24, 6;
    %assign/vec4 v000002035e801620_0, 0;
    %pushi/vec4 1, 0, 1;
    %assign/vec4 v000002035e8014e0_0, 0;
    %load/vec4 v000002035e8023e0_0;
    %pad/u 32;
    %cmpi/e 511, 0, 32;
    %jmp/0xz  T_17.28, 4;
    %pushi/vec4 11, 0, 4;
    %assign/vec4 v000002035e8022a0_0, 0;
    %jmp T_17.29;
T_17.28 ;
    %load/vec4 v000002035e8023e0_0;
    %addi 1, 0, 9;
    %assign/vec4 v000002035e8023e0_0, 0;
    %pushi/vec4 8, 0, 4;
    %assign/vec4 v000002035e8022a0_0, 0;
T_17.29 ;
    %jmp T_17.15;
T_17.13 ;
    %pushi/vec4 0, 0, 1;
    %assign/vec4 v000002035e8014e0_0, 0;
    %jmp T_17.15;
T_17.15 ;
    %pop/vec4 1;
T_17.1 ;
    %jmp T_17;
    .thread T_17;
    .scope S_000002035e749b30;
T_18 ;
    %pushi/vec4 0, 0, 1;
    %store/vec4 v000002035e80bfc0_0, 0, 1;
    %end;
    .thread T_18;
    .scope S_000002035e749b30;
T_19 ;
    %delay 5000, 0;
    %load/vec4 v000002035e80bfc0_0;
    %inv;
    %store/vec4 v000002035e80bfc0_0, 0, 1;
    %jmp T_19;
    .thread T_19;
    .scope S_000002035e749b30;
T_20 ;
    %pushi/real 1441792000, 4081; load=44000.0
    %store/real v000002035e80c740_0;
    %load/real v000002035e80c740_0;
    %pushi/vec4 512, 0, 32;
    %cvt/rv/s;
    %div/wr;
    %store/real v000002035e80c6a0_0;
    %pushi/real 1073741824, 4067; load=2.00000
    %load/real v000002035e80c6a0_0;
    %mul/wr;
    %store/real v000002035e80c560_0;
    %pushi/real 1207959552, 4069; load=9.00000
    %load/real v000002035e80c6a0_0;
    %mul/wr;
    %store/real v000002035e80c600_0;
    %pushi/real 1610612736, 4070; load=24.0000
    %load/real v000002035e80c6a0_0;
    %mul/wr;
    %store/real v000002035e80c9c0_0;
    %pushi/vec4 1, 0, 1;
    %store/vec4 v000002035e812490_0, 0, 1;
    %pushi/vec4 0, 0, 24;
    %store/vec4 v000002035e80c060_0, 0, 24;
    %pushi/vec4 0, 0, 1;
    %store/vec4 v000002035e8127b0_0, 0, 1;
    %pushi/vec4 4, 0, 32;
T_20.0 %dup/vec4;
    %pushi/vec4 0, 0, 32;
    %cmp/s;
    %jmp/1xz T_20.1, 5;
    %jmp/1 T_20.1, 4;
    %pushi/vec4 1, 0, 32;
    %sub;
    %wait E_000002035e79e780;
    %jmp T_20.0;
T_20.1 ;
    %pop/vec4 1;
    %pushi/vec4 0, 0, 1;
    %store/vec4 v000002035e812490_0, 0, 1;
    %wait E_000002035e79e780;
    %pushi/vec4 1, 0, 1;
    %store/vec4 v000002035e8127b0_0, 0, 1;
    %pushi/vec4 0, 0, 32;
    %store/vec4 v000002035e80c920_0, 0, 32;
T_20.2 ;
    %load/vec4 v000002035e80c920_0;
    %cmpi/s 512, 0, 32;
    %jmp/0xz T_20.3, 5;
    %wait E_000002035e79e780;
    %load/vec4 v000002035e80c920_0;
    %cvt/rv/s;
    %load/real v000002035e80c740_0;
    %div/wr;
    %store/real v000002035e811630_0;
    %pushi/real 1686629713, 4068; load=6.28319
    %pushi/real 273688, 4046; load=6.28319
    %add/wr;
    %load/real v000002035e80c560_0;
    %mul/wr;
    %load/real v000002035e811630_0;
    %mul/wr;
    %vpi_func/r 3 139 "$sin", W<0,r> {0 1 0};
    %pushi/real 1686629713, 4068; load=6.28319
    %pushi/real 273688, 4046; load=6.28319
    %add/wr;
    %load/real v000002035e80c600_0;
    %mul/wr;
    %load/real v000002035e811630_0;
    %mul/wr;
    %vpi_func/r 3 140 "$sin", W<0,r> {0 1 0};
    %add/wr;
    %pushi/real 1686629713, 4068; load=6.28319
    %pushi/real 273688, 4046; load=6.28319
    %add/wr;
    %load/real v000002035e80c9c0_0;
    %mul/wr;
    %load/real v000002035e811630_0;
    %mul/wr;
    %vpi_func/r 3 141 "$sin", W<0,r> {0 1 0};
    %add/wr;
    %store/real v000002035e811bd0_0;
    %load/real v000002035e811bd0_0;
    %pushi/real 2097152000, 4078; load=8000.00
    %mul/wr;
    %vpi_func 3 143 "$rtoi" 32, W<0,r> {0 1 0};
    %pad/s 24;
    %assign/vec4 v000002035e80c060_0, 0;
    %load/vec4 v000002035e80c920_0;
    %addi 1, 0, 32;
    %store/vec4 v000002035e80c920_0, 0, 32;
    %jmp T_20.2;
T_20.3 ;
    %wait E_000002035e79e780;
    %pushi/vec4 0, 0, 1;
    %assign/vec4 v000002035e8127b0_0, 0;
    %pushi/vec4 0, 0, 24;
    %assign/vec4 v000002035e80c060_0, 0;
    %pushi/vec4 20000, 0, 32;
T_20.4 %dup/vec4;
    %pushi/vec4 0, 0, 32;
    %cmp/s;
    %jmp/1xz T_20.5, 5;
    %jmp/1 T_20.5, 4;
    %pushi/vec4 1, 0, 32;
    %sub;
    %wait E_000002035e79e780;
    %jmp T_20.4;
T_20.5 ;
    %pop/vec4 1;
    %vpi_call/w 3 152 "$finish" {0 0 0};
    %end;
    .thread T_20;
    .scope S_000002035e749b30;
T_21 ;
    %wait E_000002035e79e780;
    %load/vec4 v000002035e8118b0_0;
    %flag_set/vec4 8;
    %jmp/0xz  T_21.0, 8;
    %vpi_call/w 3 160 "$display", "RAW  FFT bin %0d : Re=%0d Im=%0d", v000002035e8113b0_0, v000002035e810d70_0, v000002035e8116d0_0 {0 0 0};
T_21.0 ;
    %jmp T_21;
    .thread T_21;
    .scope S_000002035e749b30;
T_22 ;
    %wait E_000002035e79e780;
    %load/vec4 v000002035e811270_0;
    %flag_set/vec4 8;
    %jmp/0xz  T_22.0, 8;
    %vpi_call/w 3 170 "$display", "FILT FFT bin %0d : Re=%0d Im=%0d", v000002035e811310_0, v000002035e812710_0, v000002035e811090_0 {0 0 0};
T_22.0 ;
    %jmp T_22;
    .thread T_22;
# The file index is used to find the file name in the following table.
:file_names 10;
    "N/A";
    "<interactive>";
    "-";
    "testbench.sv";
    "fft/fft.sv";
    "fft/cos_rom.sv";
    "fft/ram.sv";
    "fft/sin_rom.sv";
    "fourth_order_lpf.sv";
    "second_order_lpf.sv";
