#! /c/Source/iverilog-install/bin/vvp
:ivl_version "12.0 (devel)" "(s20150603-1539-g2693dd32b)";
:ivl_delay_selection "TYPICAL";
:vpi_time_precision - 12;
:vpi_module "C:\iverilog\lib\ivl\system.vpi";
:vpi_module "C:\iverilog\lib\ivl\vhdl_sys.vpi";
:vpi_module "C:\iverilog\lib\ivl\vhdl_textio.vpi";
:vpi_module "C:\iverilog\lib\ivl\v2005_math.vpi";
:vpi_module "C:\iverilog\lib\ivl\va_math.vpi";
:vpi_module "C:\iverilog\lib\ivl\v2009.vpi";
S_000002467540f790 .scope package, "$unit" "$unit" 2 1;
 .timescale 0 0;
S_0000024675410c20 .scope module, "tb_fourth_order_bpf" "tb_fourth_order_bpf" 3 3;
 .timescale -9 -12;
v000002467547c300_0 .var "clk", 0 0;
v000002467547e980_0 .var/s "data_in", 15 0;
v000002467547e2a0_0 .net/s "data_out", 15 0, v000002467547c260_0;  1 drivers
v000002467547f240_0 .var/i "fout", 31 0;
v000002467547e700_0 .var/real "fs", 0 0;
v000002467547f2e0_0 .var/i "i", 31 0;
v000002467547e8e0_0 .var "reset", 0 0;
v000002467547e840_0 .var/real "t", 0 0;
v000002467547f380_0 .var/real "value", 0 0;
E_000002467540ed50 .event posedge, v000002467540d550_0;
S_00000246754110e0 .scope module, "dut" "fourth_order_bpf" 3 19, 4 1 0, S_0000024675410c20;
 .timescale -9 -12;
    .port_info 0 /INPUT 1 "clk";
    .port_info 1 /INPUT 1 "reset";
    .port_info 2 /INPUT 16 "data_in";
    .port_info 3 /OUTPUT 16 "data_out";
P_000002467540e850 .param/l "SAMPLE_WIDTH" 0 4 2, +C4<00000000000000000000000000010000>;
v000002467547c1c0_0 .net "clk", 0 0, v000002467547c300_0;  1 drivers
v000002467547ca80_0 .net/s "data_in", 15 0, v000002467547e980_0;  1 drivers
v000002467547cb20_0 .net/s "data_out", 15 0, v000002467547c260_0;  alias, 1 drivers
v000002467547cd00_0 .net/s "intermediate", 15 0, v00000246753c6bb0_0;  1 drivers
v000002467547cda0_0 .net "reset", 0 0, v000002467547e8e0_0;  1 drivers
S_000002467541ed50 .scope module, "stage1" "second_order_bpf" 4 13, 5 1 0, S_00000246754110e0;
 .timescale -9 -12;
    .port_info 0 /INPUT 1 "clk";
    .port_info 1 /INPUT 1 "reset";
    .port_info 2 /INPUT 16 "x";
    .port_info 3 /OUTPUT 16 "y";
P_000002467541eee0 .param/l "A1" 0 5 8, +C4<0000000000000000>;
P_000002467541ef18 .param/l "A2" 0 5 9, +C4<0000000000000000>;
P_000002467541ef50 .param/l "B0" 0 5 5, +C4<0100000000000000>;
P_000002467541ef88 .param/l "B1" 0 5 6, +C4<0000000000000000>;
P_000002467541efc0 .param/l "B2" 0 5 7, +C4<1100000000000000>;
P_000002467541eff8 .param/l "WIDTH" 0 5 2, +C4<00000000000000000000000000010000>;
v000002467540d550_0 .net "clk", 0 0, v000002467547c300_0;  alias, 1 drivers
v0000024675414190_0 .var/s "prod_a1", 31 0;
v0000024675411270_0 .var/s "prod_a2", 31 0;
v0000024675411310_0 .var/s "prod_b0", 31 0;
v000002467541f040_0 .var/s "prod_b1", 31 0;
v000002467541f0e0_0 .var/s "prod_b2", 31 0;
v00000246753c6930_0 .net "reset", 0 0, v000002467547e8e0_0;  alias, 1 drivers
v00000246753c69d0_0 .net/s "x", 15 0, v000002467547e980_0;  alias, 1 drivers
v00000246753c6a70_0 .var/s "x1", 15 0;
v00000246753c6b10_0 .var/s "x2", 15 0;
v00000246753c6bb0_0 .var/s "y", 15 0;
v000002467547c440_0 .var/s "y1", 15 0;
v000002467547c6c0_0 .var/s "y2", 15 0;
v000002467547cbc0_0 .var/s "y_next", 15 0;
v000002467547c4e0_0 .var/s "y_raw", 34 0;
E_000002467540ee90 .event posedge, v00000246753c6930_0, v000002467540d550_0;
E_000002467540f150/0 .event anyedge, v00000246753c69d0_0, v00000246753c6a70_0, v00000246753c6b10_0, v000002467547c440_0;
E_000002467540f150/1 .event anyedge, v000002467547c6c0_0;
E_000002467540f150 .event/or E_000002467540f150/0, E_000002467540f150/1;
S_00000246753c6c50 .scope module, "stage2" "second_order_bpf" 4 21, 5 1 0, S_00000246754110e0;
 .timescale -9 -12;
    .port_info 0 /INPUT 1 "clk";
    .port_info 1 /INPUT 1 "reset";
    .port_info 2 /INPUT 16 "x";
    .port_info 3 /OUTPUT 16 "y";
P_000002467547d0e0 .param/l "A1" 0 5 8, +C4<0000000000000000>;
P_000002467547d118 .param/l "A2" 0 5 9, +C4<0000000000000000>;
P_000002467547d150 .param/l "B0" 0 5 5, +C4<0100000000000000>;
P_000002467547d188 .param/l "B1" 0 5 6, +C4<0000000000000000>;
P_000002467547d1c0 .param/l "B2" 0 5 7, +C4<1100000000000000>;
P_000002467547d1f8 .param/l "WIDTH" 0 5 2, +C4<00000000000000000000000000010000>;
v000002467547ce40_0 .net "clk", 0 0, v000002467547c300_0;  alias, 1 drivers
v000002467547c940_0 .var/s "prod_a1", 31 0;
v000002467547c120_0 .var/s "prod_a2", 31 0;
v000002467547d020_0 .var/s "prod_b0", 31 0;
v000002467547c580_0 .var/s "prod_b1", 31 0;
v000002467547cee0_0 .var/s "prod_b2", 31 0;
v000002467547cc60_0 .net "reset", 0 0, v000002467547e8e0_0;  alias, 1 drivers
v000002467547c3a0_0 .net/s "x", 15 0, v00000246753c6bb0_0;  alias, 1 drivers
v000002467547c9e0_0 .var/s "x1", 15 0;
v000002467547c620_0 .var/s "x2", 15 0;
v000002467547c260_0 .var/s "y", 15 0;
v000002467547c8a0_0 .var/s "y1", 15 0;
v000002467547c760_0 .var/s "y2", 15 0;
v000002467547cf80_0 .var/s "y_next", 15 0;
v000002467547c800_0 .var/s "y_raw", 34 0;
E_000002467540f350/0 .event anyedge, v00000246753c6bb0_0, v000002467547c9e0_0, v000002467547c620_0, v000002467547c8a0_0;
E_000002467540f350/1 .event anyedge, v000002467547c760_0;
E_000002467540f350 .event/or E_000002467540f350/0, E_000002467540f350/1;
    .scope S_000002467541ed50;
T_0 ;
Ewait_0 .event/or E_000002467540f150, E_0x0;
    %wait Ewait_0;
    %load/vec4 v00000246753c69d0_0;
    %pad/s 32;
    %muli 16384, 0, 32;
    %store/vec4 v0000024675411310_0, 0, 32;
    %load/vec4 v00000246753c6a70_0;
    %pad/s 32;
    %muli 0, 0, 32;
    %store/vec4 v000002467541f040_0, 0, 32;
    %load/vec4 v00000246753c6b10_0;
    %pad/s 32;
    %muli 4294950912, 0, 32;
    %store/vec4 v000002467541f0e0_0, 0, 32;
    %load/vec4 v000002467547c440_0;
    %pad/s 32;
    %muli 0, 0, 32;
    %store/vec4 v0000024675414190_0, 0, 32;
    %load/vec4 v000002467547c6c0_0;
    %pad/s 32;
    %muli 0, 0, 32;
    %store/vec4 v0000024675411270_0, 0, 32;
    %load/vec4 v0000024675411310_0;
    %pad/s 35;
    %load/vec4 v000002467541f040_0;
    %pad/s 35;
    %add;
    %load/vec4 v000002467541f0e0_0;
    %pad/s 35;
    %add;
    %load/vec4 v0000024675414190_0;
    %pad/s 35;
    %sub;
    %load/vec4 v0000024675411270_0;
    %pad/s 35;
    %sub;
    %store/vec4 v000002467547c4e0_0, 0, 35;
    %load/vec4 v000002467547c4e0_0;
    %ix/load 4, 14, 0;
    %flag_set/imm 4, 0;
    %shiftr/s 4;
    %pad/s 16;
    %store/vec4 v000002467547cbc0_0, 0, 16;
    %jmp T_0;
    .thread T_0, $push;
    .scope S_000002467541ed50;
T_1 ;
    %wait E_000002467540ee90;
    %load/vec4 v00000246753c6930_0;
    %flag_set/vec4 8;
    %jmp/0xz  T_1.0, 8;
    %pushi/vec4 0, 0, 16;
    %assign/vec4 v00000246753c6a70_0, 0;
    %pushi/vec4 0, 0, 16;
    %assign/vec4 v00000246753c6b10_0, 0;
    %pushi/vec4 0, 0, 16;
    %assign/vec4 v000002467547c440_0, 0;
    %pushi/vec4 0, 0, 16;
    %assign/vec4 v000002467547c6c0_0, 0;
    %pushi/vec4 0, 0, 16;
    %assign/vec4 v00000246753c6bb0_0, 0;
    %jmp T_1.1;
T_1.0 ;
    %load/vec4 v000002467547cbc0_0;
    %assign/vec4 v00000246753c6bb0_0, 0;
    %load/vec4 v00000246753c6a70_0;
    %assign/vec4 v00000246753c6b10_0, 0;
    %load/vec4 v00000246753c69d0_0;
    %assign/vec4 v00000246753c6a70_0, 0;
    %load/vec4 v000002467547c440_0;
    %assign/vec4 v000002467547c6c0_0, 0;
    %load/vec4 v000002467547cbc0_0;
    %assign/vec4 v000002467547c440_0, 0;
T_1.1 ;
    %jmp T_1;
    .thread T_1;
    .scope S_00000246753c6c50;
T_2 ;
Ewait_1 .event/or E_000002467540f350, E_0x0;
    %wait Ewait_1;
    %load/vec4 v000002467547c3a0_0;
    %pad/s 32;
    %muli 16384, 0, 32;
    %store/vec4 v000002467547d020_0, 0, 32;
    %load/vec4 v000002467547c9e0_0;
    %pad/s 32;
    %muli 0, 0, 32;
    %store/vec4 v000002467547c580_0, 0, 32;
    %load/vec4 v000002467547c620_0;
    %pad/s 32;
    %muli 4294950912, 0, 32;
    %store/vec4 v000002467547cee0_0, 0, 32;
    %load/vec4 v000002467547c8a0_0;
    %pad/s 32;
    %muli 0, 0, 32;
    %store/vec4 v000002467547c940_0, 0, 32;
    %load/vec4 v000002467547c760_0;
    %pad/s 32;
    %muli 0, 0, 32;
    %store/vec4 v000002467547c120_0, 0, 32;
    %load/vec4 v000002467547d020_0;
    %pad/s 35;
    %load/vec4 v000002467547c580_0;
    %pad/s 35;
    %add;
    %load/vec4 v000002467547cee0_0;
    %pad/s 35;
    %add;
    %load/vec4 v000002467547c940_0;
    %pad/s 35;
    %sub;
    %load/vec4 v000002467547c120_0;
    %pad/s 35;
    %sub;
    %store/vec4 v000002467547c800_0, 0, 35;
    %load/vec4 v000002467547c800_0;
    %ix/load 4, 14, 0;
    %flag_set/imm 4, 0;
    %shiftr/s 4;
    %pad/s 16;
    %store/vec4 v000002467547cf80_0, 0, 16;
    %jmp T_2;
    .thread T_2, $push;
    .scope S_00000246753c6c50;
T_3 ;
    %wait E_000002467540ee90;
    %load/vec4 v000002467547cc60_0;
    %flag_set/vec4 8;
    %jmp/0xz  T_3.0, 8;
    %pushi/vec4 0, 0, 16;
    %assign/vec4 v000002467547c9e0_0, 0;
    %pushi/vec4 0, 0, 16;
    %assign/vec4 v000002467547c620_0, 0;
    %pushi/vec4 0, 0, 16;
    %assign/vec4 v000002467547c8a0_0, 0;
    %pushi/vec4 0, 0, 16;
    %assign/vec4 v000002467547c760_0, 0;
    %pushi/vec4 0, 0, 16;
    %assign/vec4 v000002467547c260_0, 0;
    %jmp T_3.1;
T_3.0 ;
    %load/vec4 v000002467547cf80_0;
    %assign/vec4 v000002467547c260_0, 0;
    %load/vec4 v000002467547c9e0_0;
    %assign/vec4 v000002467547c620_0, 0;
    %load/vec4 v000002467547c3a0_0;
    %assign/vec4 v000002467547c9e0_0, 0;
    %load/vec4 v000002467547c8a0_0;
    %assign/vec4 v000002467547c760_0, 0;
    %load/vec4 v000002467547cf80_0;
    %assign/vec4 v000002467547c8a0_0, 0;
T_3.1 ;
    %jmp T_3;
    .thread T_3;
    .scope S_0000024675410c20;
T_4 ;
    %pushi/real 1572864000, 4081; load=48000.0
    %store/real v000002467547e700_0;
    %end;
    .thread T_4, $init;
    .scope S_0000024675410c20;
T_5 ;
    %pushi/vec4 0, 0, 1;
    %store/vec4 v000002467547c300_0, 0, 1;
    %end;
    .thread T_5;
    .scope S_0000024675410c20;
T_6 ;
    %delay 5000, 0;
    %load/vec4 v000002467547c300_0;
    %inv;
    %store/vec4 v000002467547c300_0, 0, 1;
    %jmp T_6;
    .thread T_6;
    .scope S_0000024675410c20;
T_7 ;
    %vpi_call/w 3 31 "$dumpfile", "bpf.vcd" {0 0 0};
    %vpi_call/w 3 32 "$dumpvars", 32'sb00000000000000000000000000000000, S_0000024675410c20 {0 0 0};
    %end;
    .thread T_7;
    .scope S_0000024675410c20;
T_8 ;
    %vpi_func 3 37 "$fopen" 32, "bpf_samples.txt", "w" {0 0 0};
    %store/vec4 v000002467547f240_0, 0, 32;
    %pushi/vec4 1, 0, 1;
    %store/vec4 v000002467547e8e0_0, 0, 1;
    %pushi/vec4 0, 0, 16;
    %store/vec4 v000002467547e980_0, 0, 16;
    %pushi/vec4 4, 0, 32;
T_8.0 %dup/vec4;
    %pushi/vec4 0, 0, 32;
    %cmp/s;
    %jmp/1xz T_8.1, 5;
    %jmp/1 T_8.1, 4;
    %pushi/vec4 1, 0, 32;
    %sub;
    %wait E_000002467540ed50;
    %jmp T_8.0;
T_8.1 ;
    %pop/vec4 1;
    %pushi/vec4 0, 0, 1;
    %store/vec4 v000002467547e8e0_0, 0, 1;
    %pushi/vec4 0, 0, 32;
    %store/vec4 v000002467547f2e0_0, 0, 32;
T_8.2 ;
    %load/vec4 v000002467547f2e0_0;
    %cmpi/s 512, 0, 32;
    %jmp/0xz T_8.3, 5;
    %wait E_000002467540ed50;
    %load/vec4 v000002467547f2e0_0;
    %cvt/rv/s;
    %load/real v000002467547e700_0;
    %div/wr;
    %store/real v000002467547e840_0;
    %pushi/real 1317679463, 4075; load=628.319
    %pushi/real 1235501, 4053; load=628.319
    %add/wr;
    %load/real v000002467547e840_0;
    %mul/wr;
    %vpi_func/r 3 52 "$cos", W<0,r> {0 1 0};
    %store/real v000002467547f380_0;
    %load/real v000002467547f380_0;
    %pushi/vec4 12000, 0, 32;
    %cvt/rv/s;
    %mul/wr;
    %vpi_func 3 54 "$rtoi" 32, W<0,r> {0 1 0};
    %pad/s 16;
    %store/vec4 v000002467547e980_0, 0, 16;
    %vpi_call/w 3 56 "$fwrite", v000002467547f240_0, "100Hz in=%0d out=%0d\012", v000002467547e980_0, v000002467547e2a0_0 {0 0 0};
    ; show_stmt_assign_vector: Get l-value for compressed += operand
    %load/vec4 v000002467547f2e0_0;
    %pushi/vec4 1, 0, 32;
    %add;
    %store/vec4 v000002467547f2e0_0, 0, 32;
    %jmp T_8.2;
T_8.3 ;
    %pushi/vec4 0, 0, 32;
    %store/vec4 v000002467547f2e0_0, 0, 32;
T_8.4 ;
    %load/vec4 v000002467547f2e0_0;
    %cmpi/s 512, 0, 32;
    %jmp/0xz T_8.5, 5;
    %wait E_000002467540ed50;
    %load/vec4 v000002467547f2e0_0;
    %cvt/rv/s;
    %load/real v000002467547e700_0;
    %div/wr;
    %store/real v000002467547e840_0;
    %pushi/real 1647099329, 4078; load=6283.19
    %pushi/real 495800, 4056; load=6283.19
    %add/wr;
    %load/real v000002467547e840_0;
    %mul/wr;
    %vpi_func/r 3 66 "$cos", W<0,r> {0 1 0};
    %store/real v000002467547f380_0;
    %load/real v000002467547f380_0;
    %pushi/vec4 12000, 0, 32;
    %cvt/rv/s;
    %mul/wr;
    %vpi_func 3 68 "$rtoi" 32, W<0,r> {0 1 0};
    %pad/s 16;
    %store/vec4 v000002467547e980_0, 0, 16;
    %vpi_call/w 3 70 "$fwrite", v000002467547f240_0, "1000Hz in=%0d out=%0d\012", v000002467547e980_0, v000002467547e2a0_0 {0 0 0};
    ; show_stmt_assign_vector: Get l-value for compressed += operand
    %load/vec4 v000002467547f2e0_0;
    %pushi/vec4 1, 0, 32;
    %add;
    %store/vec4 v000002467547f2e0_0, 0, 32;
    %jmp T_8.4;
T_8.5 ;
    %pushi/vec4 0, 0, 32;
    %store/vec4 v000002467547f2e0_0, 0, 32;
T_8.6 ;
    %load/vec4 v000002467547f2e0_0;
    %cmpi/s 512, 0, 32;
    %jmp/0xz T_8.7, 5;
    %wait E_000002467540ed50;
    %load/vec4 v000002467547f2e0_0;
    %cvt/rv/s;
    %load/real v000002467547e700_0;
    %div/wr;
    %store/real v000002467547e840_0;
    %pushi/real 1647099329, 4081; load=50265.5
    %pushi/real 495800, 4059; load=50265.5
    %add/wr;
    %load/real v000002467547e840_0;
    %mul/wr;
    %vpi_func/r 3 80 "$cos", W<0,r> {0 1 0};
    %store/real v000002467547f380_0;
    %load/real v000002467547f380_0;
    %pushi/vec4 12000, 0, 32;
    %cvt/rv/s;
    %mul/wr;
    %vpi_func 3 82 "$rtoi" 32, W<0,r> {0 1 0};
    %pad/s 16;
    %store/vec4 v000002467547e980_0, 0, 16;
    %vpi_call/w 3 84 "$fwrite", v000002467547f240_0, "8000Hz in=%0d out=%0d\012", v000002467547e980_0, v000002467547e2a0_0 {0 0 0};
    ; show_stmt_assign_vector: Get l-value for compressed += operand
    %load/vec4 v000002467547f2e0_0;
    %pushi/vec4 1, 0, 32;
    %add;
    %store/vec4 v000002467547f2e0_0, 0, 32;
    %jmp T_8.6;
T_8.7 ;
    %vpi_call/w 3 87 "$fclose", v000002467547f240_0 {0 0 0};
    %pushi/vec4 10, 0, 32;
T_8.8 %dup/vec4;
    %pushi/vec4 0, 0, 32;
    %cmp/s;
    %jmp/1xz T_8.9, 5;
    %jmp/1 T_8.9, 4;
    %pushi/vec4 1, 0, 32;
    %sub;
    %wait E_000002467540ed50;
    %jmp T_8.8;
T_8.9 ;
    %pop/vec4 1;
    %vpi_call/w 3 90 "$finish" {0 0 0};
    %end;
    .thread T_8;
# The file index is used to find the file name in the following table.
:file_names 6;
    "N/A";
    "<interactive>";
    "-";
    "testbench.sv";
    "fourth_order_bpf.sv";
    "second_order_bpf.sv";
