#! /c/Source/iverilog-install/bin/vvp
:ivl_version "12.0 (devel)" "(s20150603-1539-g2693dd32b)";
:ivl_delay_selection "TYPICAL";
:vpi_time_precision - 12;
:vpi_module "C:\iverilog\lib\ivl\system.vpi";
:vpi_module "C:\iverilog\lib\ivl\vhdl_sys.vpi";
:vpi_module "C:\iverilog\lib\ivl\vhdl_textio.vpi";
:vpi_module "C:\iverilog\lib\ivl\v2005_math.vpi";
:vpi_module "C:\iverilog\lib\ivl\va_math.vpi";
:vpi_module "C:\iverilog\lib\ivl\v2009.vpi";
S_0000014db9287a10 .scope package, "$unit" "$unit" 2 1;
 .timescale 0 0;
S_0000014db929b3c0 .scope module, "tb_echo" "tb_echo" 3 3;
 .timescale -9 -12;
P_0000014db9285930 .param/l "DELAYED_SAMPLES" 1 3 6, +C4<00000000000000000000000000001000>;
P_0000014db9285968 .param/l "NUM_SAMPLES" 1 3 7, +C4<00000000000000000000000011001000>;
P_0000014db92859a0 .param/l "SAMPLE_WIDTH" 1 3 5, +C4<00000000000000000000000000010000>;
v0000014db9293580_0 .var "clk", 0 0;
v0000014db9293620_0 .var/s "data_in", 15 0;
v0000014db92936c0_0 .net/s "data_out", 15 0, v0000014db929b6e0_0;  1 drivers
v0000014db9293760_0 .var "data_valid", 0 0;
v0000014db9293800_0 .var/i "i", 31 0;
v0000014db92938a0_0 .var "reset", 0 0;
S_0000014db929b550 .scope module, "dut" "echo" 3 20, 4 1 0, S_0000014db929b3c0;
 .timescale -9 -12;
    .port_info 0 /INPUT 1 "clk";
    .port_info 1 /INPUT 1 "reset";
    .port_info 2 /INPUT 16 "data_in";
    .port_info 3 /INPUT 1 "data_valid";
    .port_info 4 /OUTPUT 16 "data_out";
P_0000014db9263050 .param/l "DELAYED_SAMPLES" 0 4 3, +C4<00000000000000000000000000001000>;
P_0000014db9263088 .param/l "SAMPLE_WIDTH" 0 4 2, +C4<00000000000000000000000000010000>;
v0000014db9287ba0_0 .net "clk", 0 0, v0000014db9293580_0;  1 drivers
v0000014db9262c30_0 .net/s "data_in", 15 0, v0000014db9293620_0;  1 drivers
v0000014db929b6e0_0 .var/s "data_out", 15 0;
v0000014db929b780_0 .net "data_valid", 0 0, v0000014db9293760_0;  1 drivers
v0000014db9293300_0 .var/s "delayed_sample", 15 0;
v0000014db92933a0_0 .var "index", 2 0;
v0000014db9293440 .array/s "prev_samples", 7 0, 15 0;
v0000014db92934e0_0 .net "reset", 0 0, v0000014db92938a0_0;  1 drivers
E_0000014db917a790 .event posedge, v0000014db9287ba0_0;
    .scope S_0000014db929b550;
T_0 ;
    %wait E_0000014db917a790;
    %load/vec4 v0000014db92934e0_0;
    %flag_set/vec4 8;
    %jmp/0xz  T_0.0, 8;
    %pushi/vec4 0, 0, 3;
    %assign/vec4 v0000014db92933a0_0, 0;
    %pushi/vec4 0, 0, 16;
    %assign/vec4 v0000014db929b6e0_0, 0;
    %jmp T_0.1;
T_0.0 ;
    %load/vec4 v0000014db929b780_0;
    %flag_set/vec4 8;
    %jmp/0xz  T_0.2, 8;
    %load/vec4 v0000014db92933a0_0;
    %pad/u 5;
    %ix/vec4 4;
    %load/vec4a v0000014db9293440, 4;
    %assign/vec4 v0000014db9293300_0, 0;
    %load/vec4 v0000014db9262c30_0;
    %load/vec4 v0000014db9293300_0;
    %ix/load 4, 1, 0;
    %flag_set/imm 4, 0;
    %shiftr/s 4;
    %add;
    %assign/vec4 v0000014db929b6e0_0, 0;
    %load/vec4 v0000014db929b6e0_0;
    %load/vec4 v0000014db92933a0_0;
    %pad/u 5;
    %ix/vec4 3;
    %ix/load 4, 0, 0; Constant delay
    %assign/vec4/a/d v0000014db9293440, 0, 4;
    %load/vec4 v0000014db92933a0_0;
    %pad/u 32;
    %cmpi/e 7, 0, 32;
    %jmp/0xz  T_0.4, 4;
    %pushi/vec4 0, 0, 3;
    %assign/vec4 v0000014db92933a0_0, 0;
    %jmp T_0.5;
T_0.4 ;
    %load/vec4 v0000014db92933a0_0;
    %addi 1, 0, 3;
    %assign/vec4 v0000014db92933a0_0, 0;
T_0.5 ;
T_0.2 ;
T_0.1 ;
    %jmp T_0;
    .thread T_0;
    .scope S_0000014db929b3c0;
T_1 ;
    %pushi/vec4 0, 0, 1;
    %store/vec4 v0000014db9293580_0, 0, 1;
    %end;
    .thread T_1;
    .scope S_0000014db929b3c0;
T_2 ;
    %delay 5000, 0;
    %load/vec4 v0000014db9293580_0;
    %inv;
    %store/vec4 v0000014db9293580_0, 0, 1;
    %jmp T_2;
    .thread T_2;
    .scope S_0000014db929b3c0;
T_3 ;
    %pushi/vec4 1, 0, 1;
    %store/vec4 v0000014db92938a0_0, 0, 1;
    %pushi/vec4 0, 0, 16;
    %store/vec4 v0000014db9293620_0, 0, 16;
    %pushi/vec4 0, 0, 1;
    %store/vec4 v0000014db9293760_0, 0, 1;
    %pushi/vec4 0, 0, 32;
    %store/vec4 v0000014db9293800_0, 0, 32;
T_3.0 ;
    %load/vec4 v0000014db9293800_0;
    %cmpi/s 8, 0, 32;
    %jmp/0xz T_3.1, 5;
    %pushi/vec4 0, 0, 16;
    %ix/getv/s 4, v0000014db9293800_0;
    %store/vec4a v0000014db9293440, 4, 0;
    %load/vec4 v0000014db9293800_0;
    %addi 1, 0, 32;
    %store/vec4 v0000014db9293800_0, 0, 32;
    %jmp T_3.0;
T_3.1 ;
    %pushi/vec4 0, 0, 16;
    %store/vec4 v0000014db9293300_0, 0, 16;
    %pushi/vec4 3, 0, 32;
T_3.2 %dup/vec4;
    %pushi/vec4 0, 0, 32;
    %cmp/s;
    %jmp/1xz T_3.3, 5;
    %jmp/1 T_3.3, 4;
    %pushi/vec4 1, 0, 32;
    %sub;
    %wait E_0000014db917a790;
    %jmp T_3.2;
T_3.3 ;
    %pop/vec4 1;
    %pushi/vec4 0, 0, 1;
    %store/vec4 v0000014db92938a0_0, 0, 1;
    %pushi/vec4 1, 0, 1;
    %store/vec4 v0000014db9293760_0, 0, 1;
    %pushi/vec4 0, 0, 32;
    %store/vec4 v0000014db9293800_0, 0, 32;
T_3.4 ;
    %load/vec4 v0000014db9293800_0;
    %cmpi/s 200, 0, 32;
    %jmp/0xz T_3.5, 5;
    %wait E_0000014db917a790;
    %load/vec4 v0000014db9293800_0;
    %cmpi/e 0, 0, 32;
    %jmp/1 T_3.8, 4;
    %flag_mov 8, 4;
    %load/vec4 v0000014db9293800_0;
    %cmpi/e 100, 0, 32;
    %flag_or 4, 8;
T_3.8;
    %jmp/0xz  T_3.6, 4;
    %pushi/vec4 10000, 0, 16;
    %assign/vec4 v0000014db9293620_0, 0;
    %jmp T_3.7;
T_3.6 ;
    %pushi/vec4 0, 0, 16;
    %assign/vec4 v0000014db9293620_0, 0;
T_3.7 ;
    %load/vec4 v0000014db9293800_0;
    %addi 1, 0, 32;
    %store/vec4 v0000014db9293800_0, 0, 32;
    %jmp T_3.4;
T_3.5 ;
    %wait E_0000014db917a790;
    %pushi/vec4 0, 0, 1;
    %assign/vec4 v0000014db9293760_0, 0;
    %pushi/vec4 0, 0, 16;
    %assign/vec4 v0000014db9293620_0, 0;
    %pushi/vec4 5, 0, 32;
T_3.9 %dup/vec4;
    %pushi/vec4 0, 0, 32;
    %cmp/s;
    %jmp/1xz T_3.10, 5;
    %jmp/1 T_3.10, 4;
    %pushi/vec4 1, 0, 32;
    %sub;
    %wait E_0000014db917a790;
    %jmp T_3.9;
T_3.10 ;
    %pop/vec4 1;
    %vpi_call/w 3 64 "$finish" {0 0 0};
    %end;
    .thread T_3;
    .scope S_0000014db929b3c0;
T_4 ;
    %wait E_0000014db917a790;
    %load/vec4 v0000014db9293760_0;
    %flag_set/vec4 8;
    %jmp/0xz  T_4.0, 8;
    %vpi_call/w 3 70 "$display", "in=%0d,out=%0d", v0000014db9293620_0, v0000014db92936c0_0 {0 0 0};
T_4.0 ;
    %jmp T_4;
    .thread T_4;
# The file index is used to find the file name in the following table.
:file_names 5;
    "N/A";
    "<interactive>";
    "-";
    "testbench.sv";
    "echo.sv";
